<?xml version="1.0" encoding="UTF-8"?>
<!-- Generated by org.testng.reporters.JUnitReportReporter -->
<testsuite hostname="DESKTOP-G15J5GU" name="com.vine_data.GHBOrderForIntegralTest" tests="1" failures="0" timestamp="7 Jun 2017 02:06:22 GMT" time="0.514" errors="0">
  <testcase name="testGHBOrderForIntegralCorrectParameter" time="0.514" classname="com.vine_data.GHBOrderForIntegralTest"/>
</testsuite> <!-- com.vine_data.GHBOrderForIntegralTest -->
