<?xml version="1.0" encoding="UTF-8"?>
<!-- Generated by org.testng.reporters.JUnitReportReporter -->
<testsuite hostname="DESKTOP-G15J5GU" name="com.vine.GetHistoryCarViolationTest" tests="6" failures="0" timestamp="1 Nov 2017 08:52:04 GMT" time="0.296" errors="0">
  <testcase name="getHistoryCarViolationTestCarNoNonExistent" time="0.016" classname="com.vine.GetHistoryCarViolationTest"/>
  <testcase name="getHistoryCarViolationTestCorrectParameter" time="0.037" classname="com.vine.GetHistoryCarViolationTest"/>
  <testcase name="getHistoryCarViolationTestCarNoIsNull" time="0.015" classname="com.vine.GetHistoryCarViolationTest"/>
  <testcase name="getHistoryCarViolationTestCarNoNewEnergy" time="0.039" classname="com.vine.GetHistoryCarViolationTest"/>
  <testcase name="getHistoryCarViolationTestCarNoNoViolationInformation" time="0.028" classname="com.vine.GetHistoryCarViolationTest"/>
  <testcase name="getHistoryCarViolationTestCarNoIsError" time="0.161" classname="com.vine.GetHistoryCarViolationTest"/>
</testsuite> <!-- com.vine.GetHistoryCarViolationTest -->
