<?xml version="1.0" encoding="UTF-8"?>
<!-- Generated by org.testng.reporters.JUnitReportReporter -->
<testsuite hostname="DESKTOP-G15J5GU" name="com.vine_data.LotterySaveCdkeyTest" tests="18" failures="0" timestamp="22 May 2017 02:28:52 GMT" time="1.809" errors="0">
  <testcase name="addRenewalOrderTestLogoIsLongMax" time="0.121" classname="com.vine_data.LotterySaveCdkeyTest"/>
  <testcase name="addRenewalOrderTestLogoIsLongThan" time="0.122" classname="com.vine_data.LotterySaveCdkeyTest"/>
  <testcase name="addRenewalOrderTestRecordIsNull" time="0.073" classname="com.vine_data.LotterySaveCdkeyTest"/>
  <testcase name="addRenewalOrderTestCdkeyIsLongMax" time="0.100" classname="com.vine_data.LotterySaveCdkeyTest"/>
  <testcase name="addRenewalOrderTestAccessTokenIsNull" time="0.066" classname="com.vine_data.LotterySaveCdkeyTest"/>
  <testcase name="addRenewalOrderTestCorrectParameter" time="0.116" classname="com.vine_data.LotterySaveCdkeyTest"/>
  <testcase name="addRenewalOrderTestLogoNonExistent" time="0.113" classname="com.vine_data.LotterySaveCdkeyTest"/>
  <testcase name="addRenewalOrderTestCdkeyIsNull" time="0.094" classname="com.vine_data.LotterySaveCdkeyTest"/>
  <testcase name="addRenewalOrderTestAccessTokenIsError" time="0.117" classname="com.vine_data.LotterySaveCdkeyTest"/>
  <testcase name="addRenewalOrderTestLogoIsNull" time="0.115" classname="com.vine_data.LotterySaveCdkeyTest"/>
  <testcase name="addRenewalOrderTestCdkeyExistence" time="0.144" classname="com.vine_data.LotterySaveCdkeyTest"/>
  <testcase name="addRenewalOrderTestCdkeyIsEmpty" time="0.104" classname="com.vine_data.LotterySaveCdkeyTest"/>
  <testcase name="addRenewalOrderTestCdkeyIsLongThan" time="0.102" classname="com.vine_data.LotterySaveCdkeyTest"/>
  <testcase name="addRenewalOrderTestLogoIsEmpty" time="0.112" classname="com.vine_data.LotterySaveCdkeyTest"/>
  <testcase name="addRenewalOrderTestCdkeyNonExistent" time="0.091" classname="com.vine_data.LotterySaveCdkeyTest"/>
  <testcase name="addRenewalOrderTestAccessTokenNonExistent" time="0.067" classname="com.vine_data.LotterySaveCdkeyTest"/>
  <testcase name="addRenewalOrderTestRecordNonExistent" time="0.069" classname="com.vine_data.LotterySaveCdkeyTest"/>
  <testcase name="addRenewalOrderTestAccessTokenIsEmpty" time="0.083" classname="com.vine_data.LotterySaveCdkeyTest"/>
</testsuite> <!-- com.vine_data.LotterySaveCdkeyTest -->
