<?xml version="1.0" encoding="UTF-8"?>
<!-- Generated by org.testng.reporters.JUnitReportReporter -->
<testsuite hostname="DESKTOP-G15J5GU" name="com.vine_data.SPSyncLogisticsTest" tests="19" failures="0" timestamp="25 May 2017 07:59:24 GMT" time="0.489" errors="0">
  <testcase name="getSyncLogisticsTestAccessTokenIsEmpty" time="0.018" classname="com.vine_data.SPSyncLogisticsTest"/>
  <testcase name="getSyncLogisticsTestOrdersIdNonExistent" time="0.012" classname="com.vine_data.SPSyncLogisticsTest"/>
  <testcase name="getSyncLogisticsTestLogiNoIsLong" time="0.047" classname="com.vine_data.SPSyncLogisticsTest"/>
  <testcase name="getSyncLogisticsTestLogiNameIsEmpty" time="0.015" classname="com.vine_data.SPSyncLogisticsTest"/>
  <testcase name="getSyncLogisticsTestCorpCodeIsLong" time="0.047" classname="com.vine_data.SPSyncLogisticsTest"/>
  <testcase name="getSyncLogisticsTestCorpCodeNonExistent" time="0.014" classname="com.vine_data.SPSyncLogisticsTest"/>
  <testcase name="getSyncLogisticsTestCorpCodeIsEmpty" time="0.013" classname="com.vine_data.SPSyncLogisticsTest"/>
  <testcase name="getSyncLogisticsTestLogiNameNonExistent" time="0.012" classname="com.vine_data.SPSyncLogisticsTest"/>
  <testcase name="getSyncLogisticsTestCorrectParameter" time="0.048" classname="com.vine_data.SPSyncLogisticsTest"/>
  <testcase name="getSyncLogisticsTestOrdersIdIsEmpty" time="0.015" classname="com.vine_data.SPSyncLogisticsTest"/>
  <testcase name="getSyncLogisticsTestAccessTokenIsError" time="0.042" classname="com.vine_data.SPSyncLogisticsTest"/>
  <testcase name="getSyncLogisticsTestLogiNoIsEmpty" time="0.016" classname="com.vine_data.SPSyncLogisticsTest"/>
  <testcase name="getSyncLogisticsTestShopIdNonExistent" time="0.014" classname="com.vine_data.SPSyncLogisticsTest"/>
  <testcase name="getSyncLogisticsTestAccessTokenNonExistent" time="0.013" classname="com.vine_data.SPSyncLogisticsTest"/>
  <testcase name="getSyncLogisticsTestLogiNameIsLong" time="0.046" classname="com.vine_data.SPSyncLogisticsTest"/>
  <testcase name="getSyncLogisticsTestShopIdIsLong" time="0.045" classname="com.vine_data.SPSyncLogisticsTest"/>
  <testcase name="getSyncLogisticsTestLogiNoNonExistent" time="0.015" classname="com.vine_data.SPSyncLogisticsTest"/>
  <testcase name="getSyncLogisticsTestShopIdIsEmpty" time="0.013" classname="com.vine_data.SPSyncLogisticsTest"/>
  <testcase name="getSyncLogisticsTestOrdersIdIsLong" time="0.044" classname="com.vine_data.SPSyncLogisticsTest"/>
</testsuite> <!-- com.vine_data.SPSyncLogisticsTest -->
