<?xml version="1.0" encoding="UTF-8"?>
<!-- Generated by org.testng.reporters.JUnitReportReporter -->
<testsuite hostname="DESKTOP-G15J5GU" name="com.vine.ODBGetInfoTest" tests="5" failures="0" timestamp="28 Apr 2017 03:14:45 GMT" time="0.720" errors="0">
  <testcase name="getInfoTestCorrectParameter" time="0.562" classname="com.vine.ODBGetInfoTest"/>
  <testcase name="getInfoTestTokenUserNonExistent" time="0.046" classname="com.vine.ODBGetInfoTest"/>
  <testcase name="getInfoTestTokenUserPermissionNotOpen" time="0.073" classname="com.vine.ODBGetInfoTest"/>
  <testcase name="getInfoTestTokenNonExistent" time="0.017" classname="com.vine.ODBGetInfoTest"/>
  <testcase name="getInfoTestTokenIsNull" time="0.022" classname="com.vine.ODBGetInfoTest"/>
</testsuite> <!-- com.vine.ODBGetInfoTest -->
