<?xml version="1.0" encoding="UTF-8"?>
<!-- Generated by org.testng.reporters.JUnitReportReporter -->
<testsuite hostname="DESKTOP-G15J5GU" name="com.vine_data.PushCouponTest" tests="72" failures="0" timestamp="22 May 2017 05:35:11 GMT" time="4.964" errors="0">
  <testcase name="pushCouponTestModifyTimeIsString" time="0.059" classname="com.vine_data.PushCouponTest"/>
  <testcase name="pushCouponTestendTimeSecondIsError" time="0.059" classname="com.vine_data.PushCouponTest"/>
  <testcase name="pushCouponTestModifyTimeIsEmpty" time="0.057" classname="com.vine_data.PushCouponTest"/>
  <testcase name="pushCouponTestusedPlatformNonExistent" time="0.052" classname="com.vine_data.PushCouponTest"/>
  <testcase name="pushCouponTestendTimeMonthIsError" time="0.065" classname="com.vine_data.PushCouponTest"/>
  <testcase name="pushCouponTestcanUseStatusIsOne" time="0.098" classname="com.vine_data.PushCouponTest"/>
  <testcase name="pushCouponTestendTimeDayIsError" time="0.071" classname="com.vine_data.PushCouponTest"/>
  <testcase name="pushCouponTestCouponCodeIsEmpty" time="0.058" classname="com.vine_data.PushCouponTest"/>
  <testcase name="pushCouponTestendTimeIsError" time="0.057" classname="com.vine_data.PushCouponTest"/>
  <testcase name="pushCouponTestendTimeNonExistent" time="0.055" classname="com.vine_data.PushCouponTest"/>
  <testcase name="pushCouponTestCouponCodeIsLong" time="0.060" classname="com.vine_data.PushCouponTest"/>
  <testcase name="pushCouponTestCouponNameIsEmpty" time="0.061" classname="com.vine_data.PushCouponTest"/>
  <testcase name="pushCouponTestCreatTimeDayIsError" time="0.062" classname="com.vine_data.PushCouponTest"/>
  <testcase name="pushCouponTestcanUseStatusNonExistent" time="0.060" classname="com.vine_data.PushCouponTest"/>
  <testcase name="pushCouponTestModifyTimeIsError" time="0.063" classname="com.vine_data.PushCouponTest"/>
  <testcase name="pushCouponTestStartTimeNonExistent" time="0.057" classname="com.vine_data.PushCouponTest"/>
  <testcase name="pushCouponTestAccessTokenIsError" time="0.084" classname="com.vine_data.PushCouponTest"/>
  <testcase name="pushCouponTestCreatTimeIsEmpty" time="0.059" classname="com.vine_data.PushCouponTest"/>
  <testcase name="pushCouponTestendTimeHourIsError" time="0.067" classname="com.vine_data.PushCouponTest"/>
  <testcase name="pushCouponTestStartTimeMonthIsError" time="0.062" classname="com.vine_data.PushCouponTest"/>
  <testcase name="pushCouponTestCorrectParameter" time="0.052" classname="com.vine_data.PushCouponTest"/>
  <testcase name="pushCouponTestCreatTimeMinuteIsError" time="0.051" classname="com.vine_data.PushCouponTest"/>
  <testcase name="pushCouponTestStartTimeIsString" time="0.060" classname="com.vine_data.PushCouponTest"/>
  <testcase name="pushCouponTestModifyTimeDayIsError" time="0.061" classname="com.vine_data.PushCouponTest"/>
  <testcase name="pushCouponTestendTimeMinuteIsError" time="0.059" classname="com.vine_data.PushCouponTest"/>
  <testcase name="pushCouponTestModifyTimeNonExistent" time="0.061" classname="com.vine_data.PushCouponTest"/>
  <testcase name="pushCouponTestendTimeTimeStamp" time="0.056" classname="com.vine_data.PushCouponTest"/>
  <testcase name="pushCouponTestCreatTimeHourIsError" time="0.093" classname="com.vine_data.PushCouponTest"/>
  <testcase name="pushCouponTestServiceTypeNameIsLong" time="0.064" classname="com.vine_data.PushCouponTest"/>
  <testcase name="pushCouponTestcanUseStatusIsError" time="0.089" classname="com.vine_data.PushCouponTest"/>
  <testcase name="pushCouponTestStartTimeHourIsError" time="0.062" classname="com.vine_data.PushCouponTest"/>
  <testcase name="pushCouponTestStartTimeYearIsError" time="0.097" classname="com.vine_data.PushCouponTest"/>
  <testcase name="pushCouponTestCreatTimeNonExistent" time="0.065" classname="com.vine_data.PushCouponTest"/>
  <testcase name="pushCouponTestStartTimeIsError" time="0.061" classname="com.vine_data.PushCouponTest"/>
  <testcase name="pushCouponTestStartTimeIsEmpty" time="0.079" classname="com.vine_data.PushCouponTest"/>
  <testcase name="pushCouponTestStartTimeTimeStamp" time="0.076" classname="com.vine_data.PushCouponTest"/>
  <testcase name="pushCouponTestServiceTypeNonExistent" time="0.058" classname="com.vine_data.PushCouponTest"/>
  <testcase name="pushCouponTestendTimeYearIsError" time="0.087" classname="com.vine_data.PushCouponTest"/>
  <testcase name="pushCouponTestCreatTimeYearIsError" time="0.084" classname="com.vine_data.PushCouponTest"/>
  <testcase name="pushCouponTestServiceTypeNameIsEmpty" time="0.062" classname="com.vine_data.PushCouponTest"/>
  <testcase name="pushCouponTestServiceTypeNameNonExistent" time="0.060" classname="com.vine_data.PushCouponTest"/>
  <testcase name="pushCouponTestCouponCodeNonExistent" time="0.060" classname="com.vine_data.PushCouponTest"/>
  <testcase name="pushCouponTestendTimeIsString" time="0.059" classname="com.vine_data.PushCouponTest"/>
  <testcase name="pushCouponTestusedPlatformIsEmpty" time="0.052" classname="com.vine_data.PushCouponTest"/>
  <testcase name="pushCouponTestServiceTypeIsEmpty" time="0.074" classname="com.vine_data.PushCouponTest"/>
  <testcase name="pushCouponTestdadiGovCodeIsLong" time="0.067" classname="com.vine_data.PushCouponTest"/>
  <testcase name="pushCouponTestCouponNameIsLong" time="0.069" classname="com.vine_data.PushCouponTest"/>
  <testcase name="pushCouponTestCreatTimeIsString" time="0.098" classname="com.vine_data.PushCouponTest"/>
  <testcase name="pushCouponTestendTimeIsEmpty" time="0.049" classname="com.vine_data.PushCouponTest"/>
  <testcase name="pushCouponTestcanUseStatusIsEmpty" time="0.060" classname="com.vine_data.PushCouponTest"/>
  <testcase name="pushCouponTestdadiGovCodeNonExistent" time="0.061" classname="com.vine_data.PushCouponTest"/>
  <testcase name="pushCouponTestAccessTokenNonExistent" time="0.060" classname="com.vine_data.PushCouponTest"/>
  <testcase name="pushCouponTestStartTimeDayIsError" time="0.057" classname="com.vine_data.PushCouponTest"/>
  <testcase name="pushCouponTestCreatTimeMonthIsError" time="0.068" classname="com.vine_data.PushCouponTest"/>
  <testcase name="pushCouponTestcanUseStatusIsZero" time="0.088" classname="com.vine_data.PushCouponTest"/>
  <testcase name="pushCouponTestModifyTimeMonthIsError" time="0.073" classname="com.vine_data.PushCouponTest"/>
  <testcase name="pushCouponTestModifyTimeSecondIsError" time="0.064" classname="com.vine_data.PushCouponTest"/>
  <testcase name="pushCouponTestModifyTimeMinuteIsError" time="0.064" classname="com.vine_data.PushCouponTest"/>
  <testcase name="pushCouponTestCreatTimeTimeStamp" time="0.053" classname="com.vine_data.PushCouponTest"/>
  <testcase name="pushCouponTesterviceTypeSIsLong" time="0.066" classname="com.vine_data.PushCouponTest"/>
  <testcase name="pushCouponTestCouponNameNonExistent" time="0.060" classname="com.vine_data.PushCouponTest"/>
  <testcase name="pushCouponTestModifyTimeYearIsError" time="0.106" classname="com.vine_data.PushCouponTest"/>
  <testcase name="pushCouponTestCreatTimeIsError" time="0.055" classname="com.vine_data.PushCouponTest"/>
  <testcase name="pushCouponTestCreatTimeSecondIsError" time="0.060" classname="com.vine_data.PushCouponTest"/>
  <testcase name="pushCouponTestdadiGovCodeIsEmpty" time="0.074" classname="com.vine_data.PushCouponTest"/>
  <testcase name="pushCouponTestModifyTimeTimeStamp" time="0.075" classname="com.vine_data.PushCouponTest"/>
  <testcase name="pushCouponTestusedPlatformIsLong" time="0.046" classname="com.vine_data.PushCouponTest"/>
  <testcase name="pushCouponTestModifyTimeHourIsError" time="0.046" classname="com.vine_data.PushCouponTest"/>
  <testcase name="pushCouponTestStartTimeMinuteIsError" time="0.057" classname="com.vine_data.PushCouponTest"/>
  <testcase name="pushCouponTestStartTimeSecondIsError" time="0.057" classname="com.vine_data.PushCouponTest"/>
  <testcase name="pushCouponTestAccessTokenIsEmpty" time="0.276" classname="com.vine_data.PushCouponTest"/>
  <testcase name="pushCouponTestcanUseStatusIsTow" time="0.107" classname="com.vine_data.PushCouponTest"/>
</testsuite> <!-- com.vine_data.PushCouponTest -->
