<?xml version="1.0" encoding="UTF-8"?>
<!-- Generated by org.testng.reporters.JUnitReportReporter -->
<testsuite hostname="M0QRPSGAP4T3TPP" name="com.webDynamic.labelManagement.SetLabelSettingLableTest" tests="96" failures="1" timestamp="24 Jul 2018 10:14:16 GMT" time="2.574" errors="0">
  <testcase name="postSetAndModifyTalantLableTestCommonNumIsString" time="0.007" classname="com.webDynamic.labelManagement.SetLabelSettingLableTest"/>
  <testcase name="postSetAndModifyTalantLableTestCommonIsAllNonSubmissionParameters" time="0.014" classname="com.webDynamic.labelManagement.SetLabelSettingLableTest"/>
  <testcase name="postSetAndModifyTalantLableTestTimeIsALLIsZero" time="0.010" classname="com.webDynamic.labelManagement.SetLabelSettingLableTest"/>
  <testcase name="postSetAndModifyTalantLableTestConstellationIsAllIsNegativeNumber" time="0.006" classname="com.webDynamic.labelManagement.SetLabelSettingLableTest"/>
  <testcase name="postSetAndModifyTalantLableTestChineseZodiacSignIsALLNonSubmissionParameters" time="0.017" classname="com.webDynamic.labelManagement.SetLabelSettingLableTest"/>
  <testcase name="postSetAndModifyTalantLableTestCommonNumIsSpace" time="0.021" classname="com.webDynamic.labelManagement.SetLabelSettingLableTest"/>
  <testcase name="postSetAndModifyTalantLableTestTimeIsALLIsSpace" time="0.015" classname="com.webDynamic.labelManagement.SetLabelSettingLableTest"/>
  <testcase name="postSetAndModifyTalantLableTestChineseZodiacSignNumIsZero" time="0.060" classname="com.webDynamic.labelManagement.SetLabelSettingLableTest"/>
  <testcase name="postSetAndModifyTalantLableTestConstellationIsAllIsString" time="0.009" classname="com.webDynamic.labelManagement.SetLabelSettingLableTest"/>
  <testcase name="postSetAndModifyTalantLableTestChineseZodiacSignIsALLIsSpace" time="0.015" classname="com.webDynamic.labelManagement.SetLabelSettingLableTest"/>
  <testcase name="postSetAndModifyTalantLableTestConstellationIsAllIsNull" time="0.013" classname="com.webDynamic.labelManagement.SetLabelSettingLableTest"/>
  <testcase name="postSetAndModifyTalantLableTestCommonIsAllIsDecimal" time="0.055" classname="com.webDynamic.labelManagement.SetLabelSettingLableTest"/>
  <testcase name="postSetAndModifyTalantLableTestCommonNumIsNegativeNumber" time="0.040" classname="com.webDynamic.labelManagement.SetLabelSettingLableTest"/>
  <testcase name="postSetAndModifyTalantLableTestCommonIsAllIsOne" time="0.055" classname="com.webDynamic.labelManagement.SetLabelSettingLableTest"/>
  <testcase name="postSetAndModifyTalantLableTestCommonNumIsZero" time="0.063" classname="com.webDynamic.labelManagement.SetLabelSettingLableTest"/>
  <testcase name="postSetAndModifyTalantLableTestConstellationIsAllIsMax" time="0.007" classname="com.webDynamic.labelManagement.SetLabelSettingLableTest"/>
  <testcase name="postSetAndModifyTalantLableTestTimeNumIsSpace" time="0.020" classname="com.webDynamic.labelManagement.SetLabelSettingLableTest"/>
  <testcase name="postSetAndModifyTalantLableTestCommonNumIsLong" time="0.012" classname="com.webDynamic.labelManagement.SetLabelSettingLableTest"/>
  <testcase name="postSetAndModifyTalantLableTestTimeIsALLIsDecimal" time="0.053" classname="com.webDynamic.labelManagement.SetLabelSettingLableTest"/>
  <testcase name="postSetAndModifyTalantLableTestCommonNumIsMax" time="0.058" classname="com.webDynamic.labelManagement.SetLabelSettingLableTest"/>
  <testcase name="postSetAndModifyTalantLableTestTimeIsALLIsOne" time="0.047" classname="com.webDynamic.labelManagement.SetLabelSettingLableTest"/>
  <testcase name="postSetAndModifyTalantLableTestCommonIsAllIsString" time="0.008" classname="com.webDynamic.labelManagement.SetLabelSettingLableTest"/>
  <testcase name="postSetAndModifyTalantLableTestChineseZodiacSignIsALLIsNegativeNumber" time="0.013" classname="com.webDynamic.labelManagement.SetLabelSettingLableTest"/>
  <testcase name="postSetAndModifyTalantLableTestChineseZodiacSignIsALLIsString" time="0.011" classname="com.webDynamic.labelManagement.SetLabelSettingLableTest"/>
  <testcase name="postSetAndModifyTalantLableTestChineseZodiacSignIsALLIsNull" time="0.019" classname="com.webDynamic.labelManagement.SetLabelSettingLableTest"/>
  <testcase name="postSetAndModifyTalantLableTestChineseZodiacSignNumIsDecimal" time="0.063" classname="com.webDynamic.labelManagement.SetLabelSettingLableTest"/>
  <testcase name="postSetAndModifyTalantLableTestUserIdIsNull" time="0.007" classname="com.webDynamic.labelManagement.SetLabelSettingLableTest"/>
  <testcase name="postSetAndModifyTalantLableTestUserIdNonSubmissionParameters" time="0.008" classname="com.webDynamic.labelManagement.SetLabelSettingLableTest"/>
  <testcase name="postSetAndModifyTalantLableTestChineseZodiacSignIsALLIsMax" time="0.011" classname="com.webDynamic.labelManagement.SetLabelSettingLableTest"/>
  <testcase name="postSetAndModifyTalantLableTestChineseZodiacSignNumIsString" time="0.008" classname="com.webDynamic.labelManagement.SetLabelSettingLableTest"/>
  <testcase name="postSetAndModifyTalantLableTestTimeIsALLIsNegativeNumber" time="0.022" classname="com.webDynamic.labelManagement.SetLabelSettingLableTest"/>
  <testcase name="postSetAndModifyTalantLableTestUserIdIsError" time="0.027" classname="com.webDynamic.labelManagement.SetLabelSettingLableTest">
    <failure type="org.junit.ComparisonFailure" message="expected:&lt;[-1]&gt; but was:&lt;[0]&gt;">
      <![CDATA[org.junit.ComparisonFailure: expected:<[-1]> but was:<[0]>
	at sun.reflect.NativeConstructorAccessorImpl.newInstance0(Native Method)
	at sun.reflect.NativeConstructorAccessorImpl.newInstance(Unknown Source)
	at sun.reflect.DelegatingConstructorAccessorImpl.newInstance(Unknown Source)
	at com.webDynamic.labelManagement.SetLabelSettingLableTest.postSetAndModifyTalantLableTestUserIdIsError(SetLabelSettingLableTest.java:77)
	at sun.reflect.NativeMethodAccessorImpl.invoke0(Native Method)
	at sun.reflect.NativeMethodAccessorImpl.invoke(Unknown Source)
	at sun.reflect.DelegatingMethodAccessorImpl.invoke(Unknown Source)
	at java.lang.reflect.Method.invoke(Unknown Source)
	at org.testng.internal.MethodInvocationHelper.invokeMethod(MethodInvocationHelper.java:85)
	at org.testng.internal.Invoker.invokeMethod(Invoker.java:659)
	at org.testng.internal.Invoker.invokeTestMethod(Invoker.java:845)
	at org.testng.internal.Invoker.invokeTestMethods(Invoker.java:1153)
	at org.testng.internal.TestMethodWorker.invokeTestMethods(TestMethodWorker.java:125)
	at org.testng.internal.TestMethodWorker.run(TestMethodWorker.java:108)
	at org.testng.TestRunner.privateRun(TestRunner.java:771)
	at org.testng.TestRunner.run(TestRunner.java:621)
	at org.testng.SuiteRunner.runTest(SuiteRunner.java:357)
	at org.testng.SuiteRunner.runSequentially(SuiteRunner.java:352)
	at org.testng.SuiteRunner.privateRun(SuiteRunner.java:310)
	at org.testng.SuiteRunner.run(SuiteRunner.java:259)
	at org.testng.SuiteRunnerWorker.runSuite(SuiteRunnerWorker.java:52)
	at org.testng.SuiteRunnerWorker.run(SuiteRunnerWorker.java:86)
	at org.testng.TestNG.runSuitesSequentially(TestNG.java:1199)
	at org.testng.TestNG.runSuitesLocally(TestNG.java:1124)
	at org.testng.TestNG.run(TestNG.java:1032)
	at org.testng.remote.AbstractRemoteTestNG.run(AbstractRemoteTestNG.java:114)
	at org.testng.remote.RemoteTestNG.initAndRun(RemoteTestNG.java:251)
	at org.testng.remote.RemoteTestNG.main(RemoteTestNG.java:77)
]]>
    </failure>
  </testcase> <!-- postSetAndModifyTalantLableTestUserIdIsError -->
  <testcase name="postSetAndModifyTalantLableTestCommonIsAllIsNull" time="0.014" classname="com.webDynamic.labelManagement.SetLabelSettingLableTest"/>
  <testcase name="postSetAndModifyTalantLableTestChineseZodiacSignNumIsNull" time="0.020" classname="com.webDynamic.labelManagement.SetLabelSettingLableTest"/>
  <testcase name="postSetAndModifyTalantLableTestConstellationNumIsZero" time="0.056" classname="com.webDynamic.labelManagement.SetLabelSettingLableTest"/>
  <testcase name="postSetAndModifyTalantLableTestChineseZodiacSignNumIsNegativeNumber" time="0.011" classname="com.webDynamic.labelManagement.SetLabelSettingLableTest"/>
  <testcase name="postSetAndModifyTalantLableTestTimeNumIsNegativeNumber" time="0.019" classname="com.webDynamic.labelManagement.SetLabelSettingLableTest"/>
  <testcase name="postSetAndModifyTalantLableTestCorrectParameter" time="0.022" classname="com.webDynamic.labelManagement.SetLabelSettingLableTest"/>
  <testcase name="postSetAndModifyTalantLableTestConstellationNumIsNegativeNumber" time="0.012" classname="com.webDynamic.labelManagement.SetLabelSettingLableTest"/>
  <testcase name="postSetAndModifyTalantLableTestTimeNumIsLong" time="0.007" classname="com.webDynamic.labelManagement.SetLabelSettingLableTest"/>
  <testcase name="postSetAndModifyTalantLableTestUserIdIsNegativeNumber" time="0.006" classname="com.webDynamic.labelManagement.SetLabelSettingLableTest"/>
  <testcase name="postSetAndModifyTalantLableTestChineseZodiacSignNumIsEmpty" time="0.021" classname="com.webDynamic.labelManagement.SetLabelSettingLableTest"/>
  <testcase name="postSetAndModifyTalantLableTestCommonNumIsNull" time="0.022" classname="com.webDynamic.labelManagement.SetLabelSettingLableTest"/>
  <testcase name="postSetAndModifyTalantLableTestChineseZodiacSignIsALLIsZero" time="0.012" classname="com.webDynamic.labelManagement.SetLabelSettingLableTest"/>
  <testcase name="postSetAndModifyTalantLableTestConstellationIsAllNonSubmissionParameters" time="0.015" classname="com.webDynamic.labelManagement.SetLabelSettingLableTest"/>
  <testcase name="postSetAndModifyTalantLableTestTimeIsALLIsMax" time="0.012" classname="com.webDynamic.labelManagement.SetLabelSettingLableTest"/>
  <testcase name="postSetAndModifyTalantLableTestUserIdIsDecimal" time="0.027" classname="com.webDynamic.labelManagement.SetLabelSettingLableTest"/>
  <testcase name="postSetAndModifyTalantLableTestChineseZodiacSignIsALLIsEmpty" time="0.015" classname="com.webDynamic.labelManagement.SetLabelSettingLableTest"/>
  <testcase name="postSetAndModifyTalantLableTestChineseZodiacSignNumIsSpace" time="0.029" classname="com.webDynamic.labelManagement.SetLabelSettingLableTest"/>
  <testcase name="postSetAndModifyTalantLableTestChineseZodiacSignNumNonSubmissionParameters" time="0.031" classname="com.webDynamic.labelManagement.SetLabelSettingLableTest"/>
  <testcase name="postSetAndModifyTalantLableTestConstellationNumNonSubmissionParameters" time="0.021" classname="com.webDynamic.labelManagement.SetLabelSettingLableTest"/>
  <testcase name="postSetAndModifyTalantLableTestConstellationIsAllIsLong" time="0.009" classname="com.webDynamic.labelManagement.SetLabelSettingLableTest"/>
  <testcase name="postSetAndModifyTalantLableTestTimeNumIsString" time="0.010" classname="com.webDynamic.labelManagement.SetLabelSettingLableTest"/>
  <testcase name="postSetAndModifyTalantLableTestCommonNumIsEmpty" time="0.026" classname="com.webDynamic.labelManagement.SetLabelSettingLableTest"/>
  <testcase name="postSetAndModifyTalantLableTestConstellationIsAllIsOne" time="0.067" classname="com.webDynamic.labelManagement.SetLabelSettingLableTest"/>
  <testcase name="postSetAndModifyTalantLableTestConstellationIsAllIsSpace" time="0.015" classname="com.webDynamic.labelManagement.SetLabelSettingLableTest"/>
  <testcase name="postSetAndModifyTalantLableTestConstellationNumIsMax" time="0.060" classname="com.webDynamic.labelManagement.SetLabelSettingLableTest"/>
  <testcase name="postSetAndModifyTalantLableTestTimeNumIsNull" time="0.019" classname="com.webDynamic.labelManagement.SetLabelSettingLableTest"/>
  <testcase name="postSetAndModifyTalantLableTestTimeNumIsMax" time="0.064" classname="com.webDynamic.labelManagement.SetLabelSettingLableTest"/>
  <testcase name="postSetAndModifyTalantLableTestUserIdIsEmpty" time="0.008" classname="com.webDynamic.labelManagement.SetLabelSettingLableTest"/>
  <testcase name="postSetAndModifyTalantLableTestTimeNumIsDecimal" time="0.087" classname="com.webDynamic.labelManagement.SetLabelSettingLableTest"/>
  <testcase name="postSetAndModifyTalantLableTestConstellationIsAllIsEmpty" time="0.014" classname="com.webDynamic.labelManagement.SetLabelSettingLableTest"/>
  <testcase name="postSetAndModifyTalantLableTestCommonIsAllIsZero" time="0.013" classname="com.webDynamic.labelManagement.SetLabelSettingLableTest"/>
  <testcase name="postSetAndModifyTalantLableTestConstellationNumIsNull" time="0.027" classname="com.webDynamic.labelManagement.SetLabelSettingLableTest"/>
  <testcase name="postSetAndModifyTalantLableTestCommonIsAllIsEmpty" time="0.016" classname="com.webDynamic.labelManagement.SetLabelSettingLableTest"/>
  <testcase name="postSetAndModifyTalantLableTestCommonIsAllIsSpace" time="0.014" classname="com.webDynamic.labelManagement.SetLabelSettingLableTest"/>
  <testcase name="postSetAndModifyTalantLableTestConstellationNumIsSpace" time="0.019" classname="com.webDynamic.labelManagement.SetLabelSettingLableTest"/>
  <testcase name="postSetAndModifyTalantLableTestConstellationIsAllIsZero" time="0.011" classname="com.webDynamic.labelManagement.SetLabelSettingLableTest"/>
  <testcase name="postSetAndModifyTalantLableTestChineseZodiacSignNumIsLong" time="0.008" classname="com.webDynamic.labelManagement.SetLabelSettingLableTest"/>
  <testcase name="postSetAndModifyTalantLableTestTimeIsALLIsLong" time="0.010" classname="com.webDynamic.labelManagement.SetLabelSettingLableTest"/>
  <testcase name="postSetAndModifyTalantLableTestUserIdIsLong" time="0.007" classname="com.webDynamic.labelManagement.SetLabelSettingLableTest"/>
  <testcase name="postSetAndModifyTalantLableTestCommonIsAllIsLong" time="0.008" classname="com.webDynamic.labelManagement.SetLabelSettingLableTest"/>
  <testcase name="postSetAndModifyTalantLableTestConstellationNumIsEmpty" time="0.022" classname="com.webDynamic.labelManagement.SetLabelSettingLableTest"/>
  <testcase name="postSetAndModifyTalantLableTestUserIdIllegalCharacters" time="0.010" classname="com.webDynamic.labelManagement.SetLabelSettingLableTest"/>
  <testcase name="postSetAndModifyTalantLableTestCommonNumNonSubmissionParameters" time="0.021" classname="com.webDynamic.labelManagement.SetLabelSettingLableTest"/>
  <testcase name="postSetAndModifyTalantLableTestUserIdIsSpace" time="0.007" classname="com.webDynamic.labelManagement.SetLabelSettingLableTest"/>
  <testcase name="postSetAndModifyTalantLableTestTimeNumNonSubmissionParameters" time="0.022" classname="com.webDynamic.labelManagement.SetLabelSettingLableTest"/>
  <testcase name="postSetAndModifyTalantLableTestUserIdNotLoggedIn" time="0.023" classname="com.webDynamic.labelManagement.SetLabelSettingLableTest"/>
  <testcase name="postSetAndModifyTalantLableTestConstellationNumIsString" time="0.007" classname="com.webDynamic.labelManagement.SetLabelSettingLableTest"/>
  <testcase name="postSetAndModifyTalantLableTestUserIdIsZero" time="0.022" classname="com.webDynamic.labelManagement.SetLabelSettingLableTest"/>
  <testcase name="postSetAndModifyTalantLableTestChineseZodiacSignIsALLIsDecimal" time="0.284" classname="com.webDynamic.labelManagement.SetLabelSettingLableTest"/>
  <testcase name="postSetAndModifyTalantLableTestTimeNumIsZero" time="0.063" classname="com.webDynamic.labelManagement.SetLabelSettingLableTest"/>
  <testcase name="postSetAndModifyTalantLableTestChineseZodiacSignNumIsMax" time="0.057" classname="com.webDynamic.labelManagement.SetLabelSettingLableTest"/>
  <testcase name="postSetAndModifyTalantLableTestChineseZodiacSignIsALLIsLong" time="0.009" classname="com.webDynamic.labelManagement.SetLabelSettingLableTest"/>
  <testcase name="postSetAndModifyTalantLableTestConstellationNumIsDecimal" time="0.056" classname="com.webDynamic.labelManagement.SetLabelSettingLableTest"/>
  <testcase name="postSetAndModifyTalantLableTestTimeNumIsEmpty" time="0.030" classname="com.webDynamic.labelManagement.SetLabelSettingLableTest"/>
  <testcase name="postSetAndModifyTalantLableTestConstellationNumIsLong" time="0.012" classname="com.webDynamic.labelManagement.SetLabelSettingLableTest"/>
  <testcase name="postSetAndModifyTalantLableTestTimeIsALLIsString" time="0.007" classname="com.webDynamic.labelManagement.SetLabelSettingLableTest"/>
  <testcase name="postSetAndModifyTalantLableTestTimeIsALLIsNull" time="0.013" classname="com.webDynamic.labelManagement.SetLabelSettingLableTest"/>
  <testcase name="postSetAndModifyTalantLableTestCommonIsAllIsMax" time="0.015" classname="com.webDynamic.labelManagement.SetLabelSettingLableTest"/>
  <testcase name="postSetAndModifyTalantLableTestTimeIsALLNonSubmissionParameters" time="0.013" classname="com.webDynamic.labelManagement.SetLabelSettingLableTest"/>
  <testcase name="postSetAndModifyTalantLableTestCommonIsAllIsNegativeNumber" time="0.015" classname="com.webDynamic.labelManagement.SetLabelSettingLableTest"/>
  <testcase name="postSetAndModifyTalantLableTestTimeIsALLIsEmpty" time="0.030" classname="com.webDynamic.labelManagement.SetLabelSettingLableTest"/>
  <testcase name="postSetAndModifyTalantLableTestConstellationIsAllIsDecimal" time="0.051" classname="com.webDynamic.labelManagement.SetLabelSettingLableTest"/>
  <testcase name="postSetAndModifyTalantLableTestChineseZodiacSignIsALLIsOne" time="0.049" classname="com.webDynamic.labelManagement.SetLabelSettingLableTest"/>
  <testcase name="postSetAndModifyTalantLableTestCommonNumIsDecimal" time="0.058" classname="com.webDynamic.labelManagement.SetLabelSettingLableTest"/>
</testsuite> <!-- com.webDynamic.labelManagement.SetLabelSettingLableTest -->
