<?xml version="1.0" encoding="UTF-8"?>
<!-- Generated by org.testng.reporters.JUnitReportReporter -->
<testsuite hostname="DESKTOP-G15J5GU" name="com.vine_server.UpdatePasswordTest" tests="1" failures="0" timestamp="19 Jan 2017 01:36:22 GMT" time="0.077" errors="0">
  <testcase name="updatePasswordCorrectParameter" time="0.077" classname="com.vine_server.UpdatePasswordTest"/>
</testsuite> <!-- com.vine_server.UpdatePasswordTest -->
