<?xml version="1.0" encoding="UTF-8"?>
<!-- Generated by org.testng.reporters.JUnitReportReporter -->
<testsuite hostname="DESKTOP-G15J5GU" name="com.vine_data.AddRenewalOrderTest" tests="83" failures="0" timestamp="25 Apr 2017 02:55:49 GMT" time="13.962" errors="0">
  <testcase name="addRenewalOrderTestIdTypeIsNull" time="0.164" classname="com.vine_data.AddRenewalOrderTest"/>
  <testcase name="addRenewalOrderTestChannelNonExistent" time="0.271" classname="com.vine_data.AddRenewalOrderTest"/>
  <testcase name="addRenewalOrderTestOrderNoLong" time="0.110" classname="com.vine_data.AddRenewalOrderTest"/>
  <testcase name="addRenewalOrderTestUserMobileLong" time="0.061" classname="com.vine_data.AddRenewalOrderTest"/>
  <testcase name="addRenewalOrderTestAgreeRenewalNonYOrN" time="0.177" classname="com.vine_data.AddRenewalOrderTest"/>
  <testcase name="addRenewalOrderTestChannelIsNull" time="0.184" classname="com.vine_data.AddRenewalOrderTest"/>
  <testcase name="addRenewalOrderTestuserIdCardNonExistent" time="0.281" classname="com.vine_data.AddRenewalOrderTest"/>
  <testcase name="addRenewalOrderTestIdTypeLong" time="0.113" classname="com.vine_data.AddRenewalOrderTest"/>
  <testcase name="addRenewalOrderTestMotoTypeLong" time="0.099" classname="com.vine_data.AddRenewalOrderTest"/>
  <testcase name="addRenewalOrderTestCorrectParameter" time="0.202" classname="com.vine_data.AddRenewalOrderTest"/>
  <testcase name="addRenewalOrderTestUserAddressNonExistent" time="0.214" classname="com.vine_data.AddRenewalOrderTest"/>
  <testcase name="addRenewalOrderTestPlateNumberIsNull" time="0.173" classname="com.vine_data.AddRenewalOrderTest"/>
  <testcase name="addRenewalOrderTestAccessTokenNonExistent" time="0.087" classname="com.vine_data.AddRenewalOrderTest"/>
  <testcase name="addRenewalOrderTestUserNameNonExistent" time="0.257" classname="com.vine_data.AddRenewalOrderTest"/>
  <testcase name="addRenewalOrderTestAgentNameIsNull" time="0.188" classname="com.vine_data.AddRenewalOrderTest"/>
  <testcase name="addRenewalOrderTestAgentNoNonExistent" time="0.255" classname="com.vine_data.AddRenewalOrderTest"/>
  <testcase name="addRenewalOrderTestChannelLong" time="0.087" classname="com.vine_data.AddRenewalOrderTest"/>
  <testcase name="addRenewalOrderTestUserMobileGreater" time="0.068" classname="com.vine_data.AddRenewalOrderTest"/>
  <testcase name="addRenewalOrderTestOtherPhonesLong" time="0.164" classname="com.vine_data.AddRenewalOrderTest"/>
  <testcase name="addRenewalOrderTestInsuranceEffDateIsTimeStamp" time="0.098" classname="com.vine_data.AddRenewalOrderTest"/>
  <testcase name="addRenewalOrderTestOrderNoIsNull" time="0.060" classname="com.vine_data.AddRenewalOrderTest"/>
  <testcase name="addRenewalOrderTestCarBrandLong" time="0.102" classname="com.vine_data.AddRenewalOrderTest"/>
  <testcase name="addRenewalOrderTestUserMobileNonExistent" time="0.109" classname="com.vine_data.AddRenewalOrderTest"/>
  <testcase name="addRenewalOrderTestCompanyAgencyNonExistent" time="0.271" classname="com.vine_data.AddRenewalOrderTest"/>
  <testcase name="addRenewalOrderTestAgreeRenewalIsN" time="0.234" classname="com.vine_data.AddRenewalOrderTest"/>
  <testcase name="addRenewalOrderTestUserIdCardIsNull" time="0.341" classname="com.vine_data.AddRenewalOrderTest"/>
  <testcase name="addRenewalOrderTestAmountAndIntegralNoValue" time="0.072" classname="com.vine_data.AddRenewalOrderTest"/>
  <testcase name="addRenewalOrderTestinsuranceTypeIsNull" time="0.251" classname="com.vine_data.AddRenewalOrderTest"/>
  <testcase name="addRenewalOrderTestUserNameIsNull" time="0.270" classname="com.vine_data.AddRenewalOrderTest"/>
  <testcase name="addRenewalOrderTestAgentNameNonExistent" time="0.215" classname="com.vine_data.AddRenewalOrderTest"/>
  <testcase name="addRenewalOrderTestMotoTypeNonExistent" time="0.248" classname="com.vine_data.AddRenewalOrderTest"/>
  <testcase name="addRenewalOrderTestCarBrandIsNull" time="0.202" classname="com.vine_data.AddRenewalOrderTest"/>
  <testcase name="addRenewalOrderTestConfirmStatusNonExistent" time="0.159" classname="com.vine_data.AddRenewalOrderTest"/>
  <testcase name="addRenewalOrderTestInsuranceEffDateIsNull" time="0.063" classname="com.vine_data.AddRenewalOrderTest"/>
  <testcase name="addRenewalOrderTestInsuranceEffDateNonExistent" time="0.070" classname="com.vine_data.AddRenewalOrderTest"/>
  <testcase name="addRenewalOrderTestPlateNumberNonExistent" time="0.251" classname="com.vine_data.AddRenewalOrderTest"/>
  <testcase name="addRenewalOrderTestVinNonExistent" time="0.215" classname="com.vine_data.AddRenewalOrderTest"/>
  <testcase name="addRenewalOrderTestAgentNameLong" time="0.148" classname="com.vine_data.AddRenewalOrderTest"/>
  <testcase name="addRenewalOrderTestInsuranceEndDateIsTimeStamp" time="0.113" classname="com.vine_data.AddRenewalOrderTest"/>
  <testcase name="addRenewalOrderTestAccessTokenIsNull" time="0.080" classname="com.vine_data.AddRenewalOrderTest"/>
  <testcase name="addRenewalOrderTestOtherPhonesNonExistent" time="0.366" classname="com.vine_data.AddRenewalOrderTest"/>
  <testcase name="addRenewalOrderTestinsuranceTypeNonExistent" time="0.248" classname="com.vine_data.AddRenewalOrderTest"/>
  <testcase name="addRenewalOrderTestAccessTokenLong" time="0.138" classname="com.vine_data.AddRenewalOrderTest"/>
  <testcase name="addRenewalOrderTestConfirmStatusIsZero" time="0.273" classname="com.vine_data.AddRenewalOrderTest"/>
  <testcase name="addRenewalOrderTestInsuranceTypeTowType" time="0.159" classname="com.vine_data.AddRenewalOrderTest"/>
  <testcase name="addRenewalOrderTestAgentNoIsNull" time="0.204" classname="com.vine_data.AddRenewalOrderTest"/>
  <testcase name="addRenewalOrderTestAgreeRenewalNonExistent" time="0.182" classname="com.vine_data.AddRenewalOrderTest"/>
  <testcase name="addRenewalOrderTestOrderNoNonExistent" time="0.072" classname="com.vine_data.AddRenewalOrderTest"/>
  <testcase name="addRenewalOrderTestPlateNumberLong" time="0.141" classname="com.vine_data.AddRenewalOrderTest"/>
  <testcase name="addRenewalOrderTestInsuranceEndDateIsNull" time="0.066" classname="com.vine_data.AddRenewalOrderTest"/>
  <testcase name="addRenewalOrderTestUserIdCardLong" time="0.111" classname="com.vine_data.AddRenewalOrderTest"/>
  <testcase name="addRenewalOrderTestInsuranceTypeLong" time="0.104" classname="com.vine_data.AddRenewalOrderTest"/>
  <testcase name="addRenewalOrderTestLastOrderNoIsNull" time="0.150" classname="com.vine_data.AddRenewalOrderTest"/>
  <testcase name="addRenewalOrderTestUserAddressIsNull" time="0.261" classname="com.vine_data.AddRenewalOrderTest"/>
  <testcase name="addRenewalOrderTestUserMobileLess" time="0.079" classname="com.vine_data.AddRenewalOrderTest"/>
  <testcase name="addRenewalOrderTestEngineIdNonExistent" time="0.239" classname="com.vine_data.AddRenewalOrderTest"/>
  <testcase name="addRenewalOrderTestAmountAndIntegralHaveAValue" time="0.266" classname="com.vine_data.AddRenewalOrderTest"/>
  <testcase name="addRenewalOrderTestCompanyAgencyLong" time="0.143" classname="com.vine_data.AddRenewalOrderTest"/>
  <testcase name="addRenewalOrderTestCompanyAgencyIsNull" time="0.208" classname="com.vine_data.AddRenewalOrderTest"/>
  <testcase name="addRenewalOrderTestConfirmStatusIsError" time="0.223" classname="com.vine_data.AddRenewalOrderTest"/>
  <testcase name="addRenewalOrderTestEngineIdIsNull" time="0.182" classname="com.vine_data.AddRenewalOrderTest"/>
  <testcase name="addRenewalOrderTestVinIsNullt" time="0.188" classname="com.vine_data.AddRenewalOrderTest"/>
  <testcase name="addRenewalOrderTestAmountNonExistent" time="0.218" classname="com.vine_data.AddRenewalOrderTest"/>
  <testcase name="addRenewalOrderTestAgentNoLong" time="0.098" classname="com.vine_data.AddRenewalOrderTest"/>
  <testcase name="addRenewalOrderTestConfirmStatusIsNull" time="0.199" classname="com.vine_data.AddRenewalOrderTest"/>
  <testcase name="addRenewalOrderTestAgreeRenewalLong" time="0.160" classname="com.vine_data.AddRenewalOrderTest"/>
  <testcase name="addRenewalOrderTestAmountMax" time="0.096" classname="com.vine_data.AddRenewalOrderTest"/>
  <testcase name="addRenewalOrderTestIntegralNonExistent" time="0.055" classname="com.vine_data.AddRenewalOrderTest"/>
  <testcase name="addRenewalOrderTestAgreeRenewalIsNull" time="0.203" classname="com.vine_data.AddRenewalOrderTest"/>
  <testcase name="addRenewalOrderTestLastOrderNoLong" time="0.166" classname="com.vine_data.AddRenewalOrderTest"/>
  <testcase name="addRenewalOrderTestMotoTypeIsNull" time="0.239" classname="com.vine_data.AddRenewalOrderTest"/>
  <testcase name="addRenewalOrderTestConfirmStatusIsNine" time="0.169" classname="com.vine_data.AddRenewalOrderTest"/>
  <testcase name="addRenewalOrderTestEngineIdLong" time="0.107" classname="com.vine_data.AddRenewalOrderTest"/>
  <testcase name="addRenewalOrderTestInsuranceEndDateNonExistent" time="0.071" classname="com.vine_data.AddRenewalOrderTest"/>
  <testcase name="addRenewalOrderTestUserAddressLong" time="0.171" classname="com.vine_data.AddRenewalOrderTest"/>
  <testcase name="addRenewalOrderTestLastOrderNoNonExistent" time="0.306" classname="com.vine_data.AddRenewalOrderTest"/>
  <testcase name="addRenewalOrderTestCarBrandNonExistent" time="0.171" classname="com.vine_data.AddRenewalOrderTest"/>
  <testcase name="addRenewalOrderTestUserMobileIsNull" time="0.111" classname="com.vine_data.AddRenewalOrderTest"/>
  <testcase name="addRenewalOrderTestIdTypeNonExistent" time="0.201" classname="com.vine_data.AddRenewalOrderTest"/>
  <testcase name="addRenewalOrderTestAccessTokenIsError" time="0.150" classname="com.vine_data.AddRenewalOrderTest"/>
  <testcase name="addRenewalOrderTestUserNameLong" time="0.157" classname="com.vine_data.AddRenewalOrderTest"/>
  <testcase name="addRenewalOrderTestIntegralMax" time="0.065" classname="com.vine_data.AddRenewalOrderTest"/>
  <testcase name="addRenewalOrderTestVinLong" time="0.119" classname="com.vine_data.AddRenewalOrderTest"/>
</testsuite> <!-- com.vine_data.AddRenewalOrderTest -->
