<?xml version="1.0" encoding="UTF-8"?>
<!-- Generated by org.testng.reporters.JUnitReportReporter -->
<testsuite hostname="DESKTOP-G15J5GU" name="com.vine.ListCouponUserRecordTest" tests="17" failures="0" timestamp="6 Apr 2017 07:11:14 GMT" time="0.668" errors="0">
  <testcase name="getListCouponUserRecordTestPageSizeIsNull" time="0.019" classname="com.vine.ListCouponUserRecordTest"/>
  <testcase name="getListCouponUserRecordTestPageSizeIsDecimal" time="0.053" classname="com.vine.ListCouponUserRecordTest"/>
  <testcase name="getListCouponUserRecordTestTokenNonExistent" time="0.016" classname="com.vine.ListCouponUserRecordTest"/>
  <testcase name="getListCouponUserRecordTestPageNumIsDecimal" time="0.057" classname="com.vine.ListCouponUserRecordTest"/>
  <testcase name="getListCouponUserRecordTestCorrectParameter" time="0.097" classname="com.vine.ListCouponUserRecordTest"/>
  <testcase name="getListCouponUserRecordTestTokenIsNull" time="0.015" classname="com.vine.ListCouponUserRecordTest"/>
  <testcase name="getListCouponUserRecordTestPageSizeNonExistent" time="0.021" classname="com.vine.ListCouponUserRecordTest"/>
  <testcase name="getListCouponUserRecordTestPageSizeIsNegative" time="0.016" classname="com.vine.ListCouponUserRecordTest"/>
  <testcase name="getListCouponUserRecordTestTypeIsError" time="0.050" classname="com.vine.ListCouponUserRecordTest"/>
  <testcase name="getListCouponUserRecordTestPageNumIsZero" time="0.031" classname="com.vine.ListCouponUserRecordTest"/>
  <testcase name="getListCouponUserRecordTestPageNumIsNegative" time="0.033" classname="com.vine.ListCouponUserRecordTest"/>
  <testcase name="getListCouponUserRecordTestPageNumIsNull" time="0.020" classname="com.vine.ListCouponUserRecordTest"/>
  <testcase name="getListCouponUserRecordTestPageNumNonExistent" time="0.020" classname="com.vine.ListCouponUserRecordTest"/>
  <testcase name="getListCouponUserRecordTestTokenIsError" time="0.045" classname="com.vine.ListCouponUserRecordTest"/>
  <testcase name="getListCouponUserRecordTestTypeIsNull" time="0.055" classname="com.vine.ListCouponUserRecordTest"/>
  <testcase name="getListCouponUserRecordTestTypeNonExistent" time="0.102" classname="com.vine.ListCouponUserRecordTest"/>
  <testcase name="getListCouponUserRecordTestPageSizeIsZero" time="0.018" classname="com.vine.ListCouponUserRecordTest"/>
</testsuite> <!-- com.vine.ListCouponUserRecordTest -->
