<?xml version="1.0" encoding="UTF-8"?>
<!-- Generated by org.testng.reporters.JUnitReportReporter -->
<testsuite hostname="M0QRPSGAP4T3TPP" name="com.cloudWarehouse.CreateOrderTest" tests="1" failures="0" timestamp="24 Jul 2018 10:59:06 GMT" time="0.138" errors="0">
  <testcase name="postCreateOrderTestCorrectParameter" time="0.138" classname="com.cloudWarehouse.CreateOrderTest"/>
</testsuite> <!-- com.cloudWarehouse.CreateOrderTest -->
