<?xml version="1.0" encoding="UTF-8"?>
<!-- Generated by org.testng.reporters.JUnitReportReporter -->
<testsuite hostname="DESKTOP-G15J5GU" name="com.vine_data.SyncLogisticsTest" tests="1" failures="0" timestamp="16 Mar 2017 02:07:36 GMT" time="0.066" errors="0">
  <testcase name="getSyncLogisticsTestCorrectParameter" time="0.066" classname="com.vine_data.SyncLogisticsTest"/>
</testsuite> <!-- com.vine_data.SyncLogisticsTest -->
