<?xml version="1.0" encoding="UTF-8"?>
<!-- Generated by org.testng.reporters.JUnitReportReporter -->
<testsuite hostname="DESKTOP-GI570L2" name="com.login.GetWorkBenchListTest" tests="12" failures="0" timestamp="4 Jun 2018 02:31:34 GMT" time="0.140" errors="0">
  <testcase name="postGetWorkBenchListTestUserIdIsDecimal" time="0.019" classname="com.login.GetWorkBenchListTest"/>
  <testcase name="postGetWorkBenchListTestUserIdIllegalCharacters" time="0.009" classname="com.login.GetWorkBenchListTest"/>
  <testcase name="postGetWorkBenchListTestUserIdIsNegativeNumber" time="0.009" classname="com.login.GetWorkBenchListTest"/>
  <testcase name="postGetWorkBenchListTestBackUserIdNotLoggedIn" time="0.020" classname="com.login.GetWorkBenchListTest"/>
  <testcase name="postGetWorkBenchListTestUserIdNonSubmissionParameters" time="0.006" classname="com.login.GetWorkBenchListTest"/>
  <testcase name="postGetWorkBenchListTestUserIdIsError" time="0.013" classname="com.login.GetWorkBenchListTest"/>
  <testcase name="postGetWorkBenchListTestUserIdIsNull" time="0.005" classname="com.login.GetWorkBenchListTest"/>
  <testcase name="postGetWorkBenchListTestUserIdIsSpace" time="0.006" classname="com.login.GetWorkBenchListTest"/>
  <testcase name="postGetWorkBenchListTestUserIdIsZero" time="0.007" classname="com.login.GetWorkBenchListTest"/>
  <testcase name="postGetWorkBenchListTestUserIdIsNotBack" time="0.013" classname="com.login.GetWorkBenchListTest"/>
  <testcase name="postGetWorkBenchListTestUserIdIsEmpty" time="0.005" classname="com.login.GetWorkBenchListTest"/>
  <testcase name="postGetWorkBenchListTestCorrectParameter" time="0.028" classname="com.login.GetWorkBenchListTest"/>
</testsuite> <!-- com.login.GetWorkBenchListTest -->
