<?xml version="1.0" encoding="UTF-8"?>
<!-- Generated by org.testng.reporters.JUnitReportReporter -->
<testsuite hostname="DESKTOP-G15J5GU" name="com.vine.LoginTest" tests="1" failures="0" timestamp="10 Jan 2018 03:22:46 GMT" time="0.064" errors="0">
  <testcase name="getTokenCorrectParameter" time="0.064" classname="com.vine.LoginTest"/>
</testsuite> <!-- com.vine.LoginTest -->
