<?xml version="1.0" encoding="UTF-8"?>
<!-- Generated by org.testng.reporters.JUnitReportReporter -->
<testsuite hostname="DESKTOP-G15J5GU" name="com.club_oms.AwardTest" tests="13" failures="0" timestamp="15 Nov 2017 06:31:53 GMT" time="1.330" errors="0">
  <testcase name="awardTestActivityIdIsNull" time="0.074" classname="com.club_oms.AwardTest"/>
  <testcase name="awardTestCdkeyIsNull" time="0.073" classname="com.club_oms.AwardTest"/>
  <testcase name="awardTestTokenIsError" time="0.085" classname="com.club_oms.AwardTest"/>
  <testcase name="awardTestActivityIdIsError" time="0.284" classname="com.club_oms.AwardTest"/>
  <testcase name="awardTestReceiveThePrize" time="0.089" classname="com.club_oms.AwardTest"/>
  <testcase name="awardTestFrozen" time="0.078" classname="com.club_oms.AwardTest"/>
  <testcase name="awardTestTokenIsNull" time="0.075" classname="com.club_oms.AwardTest"/>
  <testcase name="awardTestTokenNonExistent" time="0.072" classname="com.club_oms.AwardTest"/>
  <testcase name="awardTestNotLuckyDraw" time="0.082" classname="com.club_oms.AwardTest"/>
  <testcase name="awardTestNotAcceptingTheAward" time="0.182" classname="com.club_oms.AwardTest"/>
  <testcase name="awardTestCdkeyIsError" time="0.122" classname="com.club_oms.AwardTest"/>
  <testcase name="awardTestCdkeyNonExistent" time="0.052" classname="com.club_oms.AwardTest"/>
  <testcase name="awardTestActivityIdNonExistent" time="0.062" classname="com.club_oms.AwardTest"/>
</testsuite> <!-- com.club_oms.AwardTest -->
