<?xml version="1.0" encoding="UTF-8"?>
<!-- Generated by org.testng.reporters.JUnitReportReporter -->
<testsuite hostname="DESKTOP-G15J5GU" name="com.vine_data.GetCallBackShortLinkTest" tests="1" failures="0" timestamp="26 Sep 2017 07:57:24 GMT" time="26.366" errors="0">
  <testcase name="getOrderListTestCorrectParameter" time="26.366" classname="com.vine_data.GetCallBackShortLinkTest"/>
</testsuite> <!-- com.vine_data.GetCallBackShortLinkTest -->
