<?xml version="1.0" encoding="UTF-8"?>
<!-- Generated by org.testng.reporters.JUnitReportReporter -->
<testsuite hostname="DESKTOP-BEJLTU4" name="com.vine_data.DataAccessTokenTest" tests="1" failures="0" timestamp="26 Mar 2018 07:40:59 GMT" time="0.415" errors="0">
  <testcase name="accessTokenCorrectParameter" time="0.415" classname="com.vine_data.DataAccessTokenTest"/>
</testsuite> <!-- com.vine_data.DataAccessTokenTest -->
