<?xml version="1.0" encoding="UTF-8"?>
<!-- Generated by org.testng.reporters.JUnitReportReporter -->
<testsuite hostname="DESKTOP-G15J5GU" name="com.vine_data.GetReportGhbBillingTest" tests="9" failures="0" timestamp="12 May 2017 08:22:37 GMT" time="1.891" errors="0">
  <testcase name="getReportGhbBillingTestReportListIsNonExistent" time="0.182" classname="com.vine_data.GetReportGhbBillingTest"/>
  <testcase name="getReportGhbBillingTestReportListNonExistent" time="0.171" classname="com.vine_data.GetReportGhbBillingTest"/>
  <testcase name="getReportGhbBillingTestInvalidArgument" time="0.203" classname="com.vine_data.GetReportGhbBillingTest"/>
  <testcase name="getReportGhbBillingTestCorrectParameter" time="0.233" classname="com.vine_data.GetReportGhbBillingTest"/>
  <testcase name="getReportGhbBillingTestAccessTokenNonExistent" time="0.159" classname="com.vine_data.GetReportGhbBillingTest"/>
  <testcase name="getReportGhbBillingTestAccessTokenIsEmpty" time="0.421" classname="com.vine_data.GetReportGhbBillingTest"/>
  <testcase name="getReportGhbBillingTestAccessTokenIsError" time="0.164" classname="com.vine_data.GetReportGhbBillingTest"/>
  <testcase name="getReportGhbBillingTestSettlement" time="0.193" classname="com.vine_data.GetReportGhbBillingTest"/>
  <testcase name="getReportGhbBillingTestReportListIsEmpty" time="0.165" classname="com.vine_data.GetReportGhbBillingTest"/>
</testsuite> <!-- com.vine_data.GetReportGhbBillingTest -->
