<?xml version="1.0" encoding="UTF-8"?>
<!-- Generated by org.testng.reporters.JUnitReportReporter -->
<testsuite hostname="DESKTOP-G15J5GU" name="com.vine_data.GHBSendCancelgivecouponTest" tests="1" failures="0" timestamp="16 Aug 2017 01:16:14 GMT" time="1.641" errors="0">
  <testcase name="getOrderListTestCorrectParameter" time="1.641" classname="com.vine_data.GHBSendCancelgivecouponTest"/>
</testsuite> <!-- com.vine_data.GHBSendCancelgivecouponTest -->
