<?xml version="1.0" encoding="UTF-8"?>
<!-- Generated by org.testng.reporters.JUnitReportReporter -->
<testsuite hostname="DESKTOP-G15J5GU" name="com.vine.ODBgetMonthlyStatisticsTest" tests="11" failures="0" timestamp="28 Apr 2017 08:05:06 GMT" time="0.475" errors="0">
  <testcase name="getInfoTestTokenUserPermissionNotOpen" time="0.105" classname="com.vine.ODBgetMonthlyStatisticsTest"/>
  <testcase name="getInfoTestCorrectParameter" time="0.132" classname="com.vine.ODBgetMonthlyStatisticsTest"/>
  <testcase name="getInfoTestQueryDateDataIsInvalid" time="0.028" classname="com.vine.ODBgetMonthlyStatisticsTest"/>
  <testcase name="getInfoTestQueryDateFormatError" time="0.019" classname="com.vine.ODBgetMonthlyStatisticsTest"/>
  <testcase name="getInfoTestQueryDateIsNull" time="0.025" classname="com.vine.ODBgetMonthlyStatisticsTest"/>
  <testcase name="getInfoTestCarPlateNonExistent" time="0.021" classname="com.vine.ODBgetMonthlyStatisticsTest"/>
  <testcase name="getInfoTestTokenUserNonExistent" time="0.043" classname="com.vine.ODBgetMonthlyStatisticsTest"/>
  <testcase name="getInfoTestTokenNonExistent" time="0.036" classname="com.vine.ODBgetMonthlyStatisticsTest"/>
  <testcase name="getInfoTestTokenIsNull" time="0.015" classname="com.vine.ODBgetMonthlyStatisticsTest"/>
  <testcase name="getInfoTestCarPlateIsNull" time="0.025" classname="com.vine.ODBgetMonthlyStatisticsTest"/>
  <testcase name="getInfoTestQueryDateNonExistent" time="0.026" classname="com.vine.ODBgetMonthlyStatisticsTest"/>
</testsuite> <!-- com.vine.ODBgetMonthlyStatisticsTest -->
