<?xml version="1.0" encoding="UTF-8"?>
<!-- Generated by org.testng.reporters.JUnitReportReporter -->
<testsuite hostname="M0QRPSGAP4T3TPP" name="com.webDynamic.labelManagement.DeleteLabelTest" tests="36" failures="0" timestamp="24 Jul 2018 10:10:31 GMT" time="7.492" errors="0">
  <testcase name="postDeleteLabelTestTypeIsNegativeNumber" time="0.191" classname="com.webDynamic.labelManagement.DeleteLabelTest"/>
  <testcase name="postDeleteLabelTestUserIdIsSpace" time="0.190" classname="com.webDynamic.labelManagement.DeleteLabelTest"/>
  <testcase name="postDeleteLabelTestLabelIdIsError" time="0.197" classname="com.webDynamic.labelManagement.DeleteLabelTest"/>
  <testcase name="postDeleteLabelTestLabelIdIsZero" time="0.219" classname="com.webDynamic.labelManagement.DeleteLabelTest"/>
  <testcase name="postDeleteLabelTestUserIdNonSubmissionParameters" time="0.191" classname="com.webDynamic.labelManagement.DeleteLabelTest"/>
  <testcase name="postDeleteLabelTestLabelIdIllegalCharacters" time="0.185" classname="com.webDynamic.labelManagement.DeleteLabelTest"/>
  <testcase name="postDeleteLabelTestLabelIdIsEmpty" time="0.182" classname="com.webDynamic.labelManagement.DeleteLabelTest"/>
  <testcase name="postDeleteLabelTestLabelIdIsMax" time="0.227" classname="com.webDynamic.labelManagement.DeleteLabelTest"/>
  <testcase name="postDeleteLabelTestTypeIsEmpty" time="0.193" classname="com.webDynamic.labelManagement.DeleteLabelTest"/>
  <testcase name="postDeleteLabelTestTypeIsDecimal" time="0.206" classname="com.webDynamic.labelManagement.DeleteLabelTest"/>
  <testcase name="postDeleteLabelTestLabelIdIsLong" time="0.191" classname="com.webDynamic.labelManagement.DeleteLabelTest"/>
  <testcase name="postDeleteLabelTestTypeIs1" time="0.201" classname="com.webDynamic.labelManagement.DeleteLabelTest"/>
  <testcase name="postDeleteLabelTestTypeIsNull" time="0.198" classname="com.webDynamic.labelManagement.DeleteLabelTest"/>
  <testcase name="postDeleteLabelTestTypeIsString" time="0.405" classname="com.webDynamic.labelManagement.DeleteLabelTest"/>
  <testcase name="postDeleteLabelTestUserIdIsError" time="0.189" classname="com.webDynamic.labelManagement.DeleteLabelTest"/>
  <testcase name="postDeleteLabelTestLabelIdIsNull" time="0.204" classname="com.webDynamic.labelManagement.DeleteLabelTest"/>
  <testcase name="postDeleteLabelTestUserIdNotLoggedIn" time="0.191" classname="com.webDynamic.labelManagement.DeleteLabelTest"/>
  <testcase name="postDeleteLabelTestUserIdIsNull" time="0.184" classname="com.webDynamic.labelManagement.DeleteLabelTest"/>
  <testcase name="postDeleteLabelTestDeleteTalentLabel" time="0.237" classname="com.webDynamic.labelManagement.DeleteLabelTest"/>
  <testcase name="postDeleteLabelTestUserIdIsNegativeNumber" time="0.186" classname="com.webDynamic.labelManagement.DeleteLabelTest"/>
  <testcase name="postDeleteLabelTestLabelIdIsString" time="0.191" classname="com.webDynamic.labelManagement.DeleteLabelTest"/>
  <testcase name="postDeleteLabelTestDeleteTLabel" time="0.395" classname="com.webDynamic.labelManagement.DeleteLabelTest"/>
  <testcase name="postDeleteLabelTestUserIdIsZero" time="0.186" classname="com.webDynamic.labelManagement.DeleteLabelTest"/>
  <testcase name="postDeleteLabelTestUserIdIsString" time="0.192" classname="com.webDynamic.labelManagement.DeleteLabelTest"/>
  <testcase name="postDeleteLabelTestTypeIsZero" time="0.196" classname="com.webDynamic.labelManagement.DeleteLabelTest"/>
  <testcase name="postDeleteLabelTestUserIdIllegalCharacters" time="0.185" classname="com.webDynamic.labelManagement.DeleteLabelTest"/>
  <testcase name="postDeleteLabelTestLabelIdIsNegativeNumber" time="0.199" classname="com.webDynamic.labelManagement.DeleteLabelTest"/>
  <testcase name="postDeleteLabelTestLabelIdNonSubmissionParameters" time="0.184" classname="com.webDynamic.labelManagement.DeleteLabelTest"/>
  <testcase name="postDeleteLabelTestTypeNonSubmissionParameters" time="0.198" classname="com.webDynamic.labelManagement.DeleteLabelTest"/>
  <testcase name="postDeleteLabelTestUserIdIsLong" time="0.194" classname="com.webDynamic.labelManagement.DeleteLabelTest"/>
  <testcase name="postDeleteLabelTestTypeIsSpace" time="0.197" classname="com.webDynamic.labelManagement.DeleteLabelTest"/>
  <testcase name="postDeleteLabelTestUserIdIsEmpty" time="0.206" classname="com.webDynamic.labelManagement.DeleteLabelTest"/>
  <testcase name="postDeleteLabelTestLabelIdIsSpace" time="0.200" classname="com.webDynamic.labelManagement.DeleteLabelTest"/>
  <testcase name="postDeleteLabelTestTypeIsError" time="0.192" classname="com.webDynamic.labelManagement.DeleteLabelTest"/>
  <testcase name="postDeleteLabelTestLabelIdIsDecimal" time="0.208" classname="com.webDynamic.labelManagement.DeleteLabelTest"/>
  <testcase name="postDeleteLabelTestUserIdIsDecimal" time="0.202" classname="com.webDynamic.labelManagement.DeleteLabelTest"/>
</testsuite> <!-- com.webDynamic.labelManagement.DeleteLabelTest -->
