<?xml version="1.0" encoding="UTF-8"?>
<!-- Generated by org.testng.reporters.JUnitReportReporter -->
<testsuite hostname="DESKTOP-G15J5GU" name="com.vine.UpdateYcxCarInfoApiTest" tests="20" failures="0" timestamp="27 Oct 2017 06:26:39 GMT" time="0.696" errors="0">
  <testcase name="updateYcxCarInfoApiTestEnginNoOneOfNonExistent" time="0.050" classname="com.vine.UpdateYcxCarInfoApiTest"/>
  <testcase name="updateYcxCarInfoApiTestUserNameIsNull" time="0.014" classname="com.vine.UpdateYcxCarInfoApiTest"/>
  <testcase name="updateYcxCarInfoApiTestEnginNoOneOfIsNull" time="0.052" classname="com.vine.UpdateYcxCarInfoApiTest"/>
  <testcase name="updateYcxCarInfoApiTestTelLessThan11" time="0.014" classname="com.vine.UpdateYcxCarInfoApiTest"/>
  <testcase name="updateYcxCarInfoApiTestTelIllegalCharacter" time="0.015" classname="com.vine.UpdateYcxCarInfoApiTest"/>
  <testcase name="updateYcxCarInfoApiTestCorrectParameter" time="0.067" classname="com.vine.UpdateYcxCarInfoApiTest"/>
  <testcase name="updateYcxCarInfoApiTestTelIsLong" time="0.011" classname="com.vine.UpdateYcxCarInfoApiTest"/>
  <testcase name="updateYcxCarInfoApiTestFrameNoOneOfNonExistent" time="0.042" classname="com.vine.UpdateYcxCarInfoApiTest"/>
  <testcase name="updateYcxCarInfoApiTestUserNameIllegalCharacter" time="0.042" classname="com.vine.UpdateYcxCarInfoApiTest"/>
  <testcase name="updateYcxCarInfoApiTestCarInfoNonExistent" time="0.118" classname="com.vine.UpdateYcxCarInfoApiTest"/>
  <testcase name="updateYcxCarInfoApiTestTelIsNull" time="0.013" classname="com.vine.UpdateYcxCarInfoApiTest"/>
  <testcase name="updateYcxCarInfoApiTestCarNoOneOfIsError" time="0.028" classname="com.vine.UpdateYcxCarInfoApiTest"/>
  <testcase name="updateYcxCarInfoApiTestCarNoOneOfIsnull" time="0.027" classname="com.vine.UpdateYcxCarInfoApiTest"/>
  <testcase name="updateYcxCarInfoApiTestFrameNoOneOfIsLong" time="0.034" classname="com.vine.UpdateYcxCarInfoApiTest"/>
  <testcase name="updateYcxCarInfoApiTestUserNameIsLong" time="0.035" classname="com.vine.UpdateYcxCarInfoApiTest"/>
  <testcase name="updateYcxCarInfoApiTestEnginNoOneOfIsLong" time="0.043" classname="com.vine.UpdateYcxCarInfoApiTest"/>
  <testcase name="updateYcxCarInfoApiTestFrameNoOneOfIsNull" time="0.046" classname="com.vine.UpdateYcxCarInfoApiTest"/>
  <testcase name="updateYcxCarInfoApiTestTelNonExistent" time="0.013" classname="com.vine.UpdateYcxCarInfoApiTest"/>
  <testcase name="updateYcxCarInfoApiTestUserNameNonExistent" time="0.015" classname="com.vine.UpdateYcxCarInfoApiTest"/>
  <testcase name="updateYcxCarInfoApiTestCarNoOneOfNonExistent" time="0.017" classname="com.vine.UpdateYcxCarInfoApiTest"/>
</testsuite> <!-- com.vine.UpdateYcxCarInfoApiTest -->
