<?xml version="1.0" encoding="UTF-8"?>
<!-- Generated by org.testng.reporters.JUnitReportReporter -->
<testsuite hostname="DESKTOP-G15J5GU" name="com.vine_data.SPAfterServiceTest" tests="15" failures="0" timestamp="25 May 2017 09:51:30 GMT" time="6.456" errors="0">
  <testcase name="getAfterServicePaymentNonExistent" time="0.276" classname="com.vine_data.SPAfterServiceTest"/>
  <testcase name="getAfterServiceTestAccessTokenIsEmpty" time="0.305" classname="com.vine_data.SPAfterServiceTest"/>
  <testcase name="getAfterServicePaymentDecimal" time="0.792" classname="com.vine_data.SPAfterServiceTest"/>
  <testcase name="getAfterServicePaymentDecimalNumber" time="0.354" classname="com.vine_data.SPAfterServiceTest"/>
  <testcase name="getAfterServiceTestOrdersIdNonExistent" time="0.302" classname="com.vine_data.SPAfterServiceTest"/>
  <testcase name="getAfterServiceTestOrdersIdReturnedIntegral" time="1.017" classname="com.vine_data.SPAfterServiceTest"/>
  <testcase name="getAfterServiceTestAccessTokenNonExistent" time="0.313" classname="com.vine_data.SPAfterServiceTest"/>
  <testcase name="getAfterServiceTestOrdersIdIsError" time="0.353" classname="com.vine_data.SPAfterServiceTest"/>
  <testcase name="getAfterServicePaymentIsZero" time="0.324" classname="com.vine_data.SPAfterServiceTest"/>
  <testcase name="getAfterServiceTestOrdersIdIsEmpty" time="0.299" classname="com.vine_data.SPAfterServiceTest"/>
  <testcase name="getAfterServicePaymentIsEmpty" time="0.323" classname="com.vine_data.SPAfterServiceTest"/>
  <testcase name="getAfterServiceTestAccessTokenIsError" time="0.316" classname="com.vine_data.SPAfterServiceTest"/>
  <testcase name="getAfterServicePaymentIsMax" time="0.352" classname="com.vine_data.SPAfterServiceTest"/>
  <testcase name="getAfterServicePaymentNegative" time="0.314" classname="com.vine_data.SPAfterServiceTest"/>
  <testcase name="getAfterServiceTestCorrectParameter" time="0.816" classname="com.vine_data.SPAfterServiceTest"/>
</testsuite> <!-- com.vine_data.SPAfterServiceTest -->
