<?xml version="1.0" encoding="UTF-8"?>
<!-- Generated by org.testng.reporters.JUnitReportReporter -->
<testsuite hostname="DESKTOP-G15J5GU" name="com.vine.ListCouponGoodsTest" tests="16" failures="0" timestamp="6 Apr 2017 07:10:25 GMT" time="1.050" errors="0">
  <testcase name="getListCouponGoodsTestPageSizeIsDecimal" time="0.064" classname="com.vine.ListCouponGoodsTest"/>
  <testcase name="getListCouponGoodsTestPageNumIsZero" time="0.022" classname="com.vine.ListCouponGoodsTest"/>
  <testcase name="getListCouponGoodsTestTypeIsError" time="0.039" classname="com.vine.ListCouponGoodsTest"/>
  <testcase name="getListCouponGoodsTestContentNonExistent" time="0.269" classname="com.vine.ListCouponGoodsTest"/>
  <testcase name="getListCouponGoodsTestPageSizeNonExistent" time="0.019" classname="com.vine.ListCouponGoodsTest"/>
  <testcase name="getListCouponGoodsTestPageSizeIsNull" time="0.021" classname="com.vine.ListCouponGoodsTest"/>
  <testcase name="getListCouponGoodsTestPageNumNonExistent" time="0.017" classname="com.vine.ListCouponGoodsTest"/>
  <testcase name="getListCouponGoodsTestTypeIsNull" time="0.092" classname="com.vine.ListCouponGoodsTest"/>
  <testcase name="getListCouponGoodsTestCorrectParameter" time="0.081" classname="com.vine.ListCouponGoodsTest"/>
  <testcase name="getListCouponGoodsTestPageNumIsNegative" time="0.052" classname="com.vine.ListCouponGoodsTest"/>
  <testcase name="getListCouponGoodsTestPageNumIsDecimal" time="0.124" classname="com.vine.ListCouponGoodsTest"/>
  <testcase name="getListCouponGoodsTestPageNumIsNull" time="0.017" classname="com.vine.ListCouponGoodsTest"/>
  <testcase name="getListCouponGoodsTestPageSizeIsZero" time="0.017" classname="com.vine.ListCouponGoodsTest"/>
  <testcase name="getListCouponGoodsTestTypeNonExistent" time="0.159" classname="com.vine.ListCouponGoodsTest"/>
  <testcase name="getListCouponGoodsTestPageSizeIsNegative" time="0.018" classname="com.vine.ListCouponGoodsTest"/>
  <testcase name="getListCouponGoodsTestOrderByNonExistent" time="0.039" classname="com.vine.ListCouponGoodsTest"/>
</testsuite> <!-- com.vine.ListCouponGoodsTest -->
