<?xml version="1.0" encoding="UTF-8"?>
<!-- Generated by org.testng.reporters.JUnitReportReporter -->
<testsuite hostname="DESKTOP-G15J5GU" name="com.vine.GetEycDataApiTest" tests="1" failures="0" timestamp="1 Nov 2017 08:46:46 GMT" time="0.196" errors="0">
  <testcase name="getEycDataApiTestCorrectParameter" time="0.196" classname="com.vine.GetEycDataApiTest"/>
</testsuite> <!-- com.vine.GetEycDataApiTest -->
