<?xml version="1.0" encoding="UTF-8"?>
<!-- Generated by org.testng.reporters.JUnitReportReporter -->
<testsuite hostname="DESKTOP-G15J5GU" name="com.vine.CouponOrdingTest" tests="1" failures="0" timestamp="11 Apr 2017 07:21:57 GMT" time="0.200" errors="0">
  <testcase name="couponOrdingTestCorrectParameter" time="0.200" classname="com.vine.CouponOrdingTest"/>
</testsuite> <!-- com.vine.CouponOrdingTest -->
