<?xml version="1.0" encoding="UTF-8"?>
<!-- Generated by org.testng.reporters.JUnitReportReporter -->
<testsuite hostname="DESKTOP-G15J5GU" name="com.club_oms.LotteryTest" tests="8" failures="0" timestamp="13 Nov 2017 06:47:27 GMT" time="0.776" errors="0">
  <testcase name="lotteryTestActivityIdNonExistent" time="0.042" classname="com.club_oms.LotteryTest"/>
  <testcase name="lotteryTestActivityIdIsNull" time="0.013" classname="com.club_oms.LotteryTest"/>
  <testcase name="lotteryTestTokenIsNull" time="0.015" classname="com.club_oms.LotteryTest"/>
  <testcase name="lotteryTestNoLuckyDraw" time="0.094" classname="com.club_oms.LotteryTest"/>
  <testcase name="lotteryTestCorrectParameter" time="0.508" classname="com.club_oms.LotteryTest"/>
  <testcase name="lotteryTestTokenNonExistent" time="0.016" classname="com.club_oms.LotteryTest"/>
  <testcase name="lotteryTestActivityIdIsError" time="0.058" classname="com.club_oms.LotteryTest"/>
  <testcase name="lotteryTestTokenIsError" time="0.030" classname="com.club_oms.LotteryTest"/>
</testsuite> <!-- com.club_oms.LotteryTest -->
