<?xml version="1.0" encoding="UTF-8"?>
<!-- Generated by org.testng.reporters.JUnitReportReporter -->
<testsuite hostname="DESKTOP-G15J5GU" name="com.vine.GHBOrderForIntegralTest" tests="1" failures="0" timestamp="17 Feb 2017 02:25:20 GMT" time="0.719" errors="0">
  <testcase name="testGHBOrderForIntegralCorrectParameter" time="0.719" classname="com.vine.GHBOrderForIntegralTest"/>
</testsuite> <!-- com.vine.GHBOrderForIntegralTest -->
