<?xml version="1.0" encoding="UTF-8"?>
<!-- Generated by org.testng.reporters.JUnitReportReporter -->
<testsuite hostname="DESKTOP-G15J5GU" name="com.vine_data.GHBSendgivecouponTest" tests="1" failures="0" timestamp="8 Mar 2018 10:16:22 GMT" time="0.307" errors="0">
  <testcase name="getOrderListTestCorrectParameter" time="0.307" classname="com.vine_data.GHBSendgivecouponTest"/>
</testsuite> <!-- com.vine_data.GHBSendgivecouponTest -->
