<?xml version="1.0" encoding="UTF-8"?>
<!-- Generated by org.testng.reporters.JUnitReportReporter -->
<testsuite hostname="DESKTOP-G15J5GU" name="com.vine_data.YFSyncLogisticsTest" tests="19" failures="0" timestamp="23 Mar 2017 06:17:49 GMT" time="0.764" errors="0">
  <testcase name="getSyncLogisticsTestAccessTokenIsError" time="0.048" classname="com.vine_data.YFSyncLogisticsTest"/>
  <testcase name="getSyncLogisticsTestOrdersIdNonExistent" time="0.019" classname="com.vine_data.YFSyncLogisticsTest"/>
  <testcase name="getSyncLogisticsTestLogiNoIsNull" time="0.023" classname="com.vine_data.YFSyncLogisticsTest"/>
  <testcase name="getSyncLogisticsTestLogiNameIsLong" time="0.075" classname="com.vine_data.YFSyncLogisticsTest"/>
  <testcase name="getSyncLogisticsTestCorpCodeIsNull" time="0.023" classname="com.vine_data.YFSyncLogisticsTest"/>
  <testcase name="getSyncLogisticsTestCorpCodeNonExistent" time="0.021" classname="com.vine_data.YFSyncLogisticsTest"/>
  <testcase name="getSyncLogisticsTestCorpCodeIsLong" time="0.066" classname="com.vine_data.YFSyncLogisticsTest"/>
  <testcase name="getSyncLogisticsTestLogiNameNonExistent" time="0.037" classname="com.vine_data.YFSyncLogisticsTest"/>
  <testcase name="getSyncLogisticsTestCorrectParameter" time="0.056" classname="com.vine_data.YFSyncLogisticsTest"/>
  <testcase name="getSyncLogisticsTestOrdersIdIsLong" time="0.049" classname="com.vine_data.YFSyncLogisticsTest"/>
  <testcase name="getSyncLogisticsTestAccessTokenIsNull" time="0.023" classname="com.vine_data.YFSyncLogisticsTest"/>
  <testcase name="getSyncLogisticsTestLogiNoIsLong" time="0.069" classname="com.vine_data.YFSyncLogisticsTest"/>
  <testcase name="getSyncLogisticsTestShopIdNonExistent" time="0.015" classname="com.vine_data.YFSyncLogisticsTest"/>
  <testcase name="getSyncLogisticsTestAccessTokenNonExistent" time="0.019" classname="com.vine_data.YFSyncLogisticsTest"/>
  <testcase name="getSyncLogisticsTestLogiNameIsNull" time="0.019" classname="com.vine_data.YFSyncLogisticsTest"/>
  <testcase name="getSyncLogisticsTestShopIdIsNull" time="0.020" classname="com.vine_data.YFSyncLogisticsTest"/>
  <testcase name="getSyncLogisticsTestLogiNoNonExistent" time="0.017" classname="com.vine_data.YFSyncLogisticsTest"/>
  <testcase name="getSyncLogisticsTestShopIdIsLong" time="0.145" classname="com.vine_data.YFSyncLogisticsTest"/>
  <testcase name="getSyncLogisticsTestOrdersIdIsNull" time="0.020" classname="com.vine_data.YFSyncLogisticsTest"/>
</testsuite> <!-- com.vine_data.YFSyncLogisticsTest -->
