<?xml version="1.0" encoding="UTF-8"?>
<!-- Generated by org.testng.reporters.JUnitReportReporter -->
<testsuite hostname="DESKTOP-G15J5GU" name="com.vine_data.GetReportGhbQueryTest" tests="15" failures="0" timestamp="12 May 2017 09:08:45 GMT" time="1.008" errors="0">
  <testcase name="getReportGhbQueryTestReportTypeIsAA" time="0.041" classname="com.vine_data.GetReportGhbQueryTest"/>
  <testcase name="getReportGhbQueryTestAccessTokenNonExistent" time="0.046" classname="com.vine_data.GetReportGhbQueryTest"/>
  <testcase name="getReportGhbQueryTestAccessTokenLong" time="0.039" classname="com.vine_data.GetReportGhbQueryTest"/>
  <testcase name="getReportGhbQueryTestReportTypeIsNum" time="0.057" classname="com.vine_data.GetReportGhbQueryTest"/>
  <testcase name="getReportGhbQueryTestReportTypeIsA" time="0.104" classname="com.vine_data.GetReportGhbQueryTest"/>
  <testcase name="getReportGhbQueryTestDateIsTimeStamp" time="0.048" classname="com.vine_data.GetReportGhbQueryTest"/>
  <testcase name="getReportGhbQueryTestAccessTokenOverdue" time="0.041" classname="com.vine_data.GetReportGhbQueryTest"/>
  <testcase name="getReportGhbQueryTestCorrectParameter" time="0.172" classname="com.vine_data.GetReportGhbQueryTest"/>
  <testcase name="getReportGhbQueryTestDateIsEmpty" time="0.047" classname="com.vine_data.GetReportGhbQueryTest"/>
  <testcase name="getReportGhbQueryTestReportTypeIsB" time="0.170" classname="com.vine_data.GetReportGhbQueryTest"/>
  <testcase name="getReportGhbQueryTestDateNonExistent" time="0.047" classname="com.vine_data.GetReportGhbQueryTest"/>
  <testcase name="getReportGhbQueryTestReportTypeIsEmpty" time="0.044" classname="com.vine_data.GetReportGhbQueryTest"/>
  <testcase name="getReportGhbQueryTestReportTypeNonExistent" time="0.042" classname="com.vine_data.GetReportGhbQueryTest"/>
  <testcase name="getReportGhbQueryTestAccessTokenIsEmpty" time="0.066" classname="com.vine_data.GetReportGhbQueryTest"/>
  <testcase name="getReportGhbQueryTestDateIsString" time="0.044" classname="com.vine_data.GetReportGhbQueryTest"/>
</testsuite> <!-- com.vine_data.GetReportGhbQueryTest -->
