<?xml version="1.0" encoding="UTF-8"?>
<!-- Generated by org.testng.reporters.JUnitReportReporter -->
<testsuite hostname="DESKTOP-G15J5GU" name="com.vine.ReceiveClubEntityTest" tests="45" failures="0" timestamp="17 Nov 2017 07:39:54 GMT" time="12.001" errors="0">
  <testcase name="receiveClubEntityTestCityNonExistent" time="0.416" classname="com.vine.ReceiveClubEntityTest"/>
  <testcase name="receiveClubEntityTestReceiveNameIsLong" time="0.190" classname="com.vine.ReceiveClubEntityTest"/>
  <testcase name="receiveClubEntityTestAddressIsNull" time="0.081" classname="com.vine.ReceiveClubEntityTest"/>
  <testcase name="receiveClubEntityTestProvinceIsNull" time="0.399" classname="com.vine.ReceiveClubEntityTest"/>
  <testcase name="receiveClubEntityTestReceiveThePrize" time="0.148" classname="com.vine.ReceiveClubEntityTest"/>
  <testcase name="receiveClubEntityTestTownIsNull" time="0.421" classname="com.vine.ReceiveClubEntityTest"/>
  <testcase name="receiveClubEntityTestTokenIsNull" time="0.078" classname="com.vine.ReceiveClubEntityTest"/>
  <testcase name="receiveClubEntityTestCityNameIsNull" time="0.409" classname="com.vine.ReceiveClubEntityTest"/>
  <testcase name="receiveClubEntityTestReceiveNameNonExistent" time="0.052" classname="com.vine.ReceiveClubEntityTest"/>
  <testcase name="receiveClubEntityTestCountyNameIsNull" time="0.401" classname="com.vine.ReceiveClubEntityTest"/>
  <testcase name="receiveClubEntityTestCityNameNonExistent" time="0.417" classname="com.vine.ReceiveClubEntityTest"/>
  <testcase name="receiveClubEntityTestTownNonExistent" time="0.408" classname="com.vine.ReceiveClubEntityTest"/>
  <testcase name="receiveClubEntityTestCdkeyIsNull" time="0.070" classname="com.vine.ReceiveClubEntityTest"/>
  <testcase name="receiveClubEntityTestActivityIdIsNull" time="0.063" classname="com.vine.ReceiveClubEntityTest"/>
  <testcase name="receiveClubEntityTestAddressNonExistent" time="0.054" classname="com.vine.ReceiveClubEntityTest"/>
  <testcase name="receiveClubEntityTestReceiveMobileIsError" time="0.436" classname="com.vine.ReceiveClubEntityTest"/>
  <testcase name="receiveClubEntityTestSkuIdNonExistent" time="0.076" classname="com.vine.ReceiveClubEntityTest"/>
  <testcase name="receiveClubEntityTestTownNameNonExistent" time="0.407" classname="com.vine.ReceiveClubEntityTest"/>
  <testcase name="receiveClubEntityTestCityIsError" time="0.424" classname="com.vine.ReceiveClubEntityTest"/>
  <testcase name="receiveClubEntityTestNotAcceptingTheAward" time="0.406" classname="com.vine.ReceiveClubEntityTest"/>
  <testcase name="receiveClubEntityTestCdkeyNonExistent" time="0.072" classname="com.vine.ReceiveClubEntityTest"/>
  <testcase name="receiveClubEntityTestCountyNonExistent" time="0.402" classname="com.vine.ReceiveClubEntityTest"/>
  <testcase name="receiveClubEntityTestCityIsNull" time="0.394" classname="com.vine.ReceiveClubEntityTest"/>
  <testcase name="receiveClubEntityTestActivityIdIsError" time="0.407" classname="com.vine.ReceiveClubEntityTest"/>
  <testcase name="receiveClubEntityTestCountyIsError" time="0.402" classname="com.vine.ReceiveClubEntityTest"/>
  <testcase name="receiveClubEntityTestCdkeyEncryptionFailure" time="0.155" classname="com.vine.ReceiveClubEntityTest"/>
  <testcase name="receiveClubEntityTestProvinceIsError" time="0.390" classname="com.vine.ReceiveClubEntityTest"/>
  <testcase name="receiveClubEntityTestSkuIdIsNull" time="0.075" classname="com.vine.ReceiveClubEntityTest"/>
  <testcase name="receiveClubEntityTestAddressIdsNonExistent" time="0.085" classname="com.vine.ReceiveClubEntityTest"/>
  <testcase name="receiveClubEntityTestAddressIsLong" time="0.202" classname="com.vine.ReceiveClubEntityTest"/>
  <testcase name="receiveClubEntityTestReceiveMobileIsNull" time="0.071" classname="com.vine.ReceiveClubEntityTest"/>
  <testcase name="receiveClubEntityTestProvinceNameIsNull" time="0.499" classname="com.vine.ReceiveClubEntityTest"/>
  <testcase name="receiveClubEntityTestTownIsError" time="0.400" classname="com.vine.ReceiveClubEntityTest"/>
  <testcase name="receiveClubEntityTestTownNameIsNull" time="0.404" classname="com.vine.ReceiveClubEntityTest"/>
  <testcase name="receiveClubEntityTestCountyNameNonExistent" time="0.448" classname="com.vine.ReceiveClubEntityTest"/>
  <testcase name="receiveClubEntityTestAddressIdsIsNull" time="0.078" classname="com.vine.ReceiveClubEntityTest"/>
  <testcase name="receiveClubEntityTestSkuIdIsError" time="0.371" classname="com.vine.ReceiveClubEntityTest"/>
  <testcase name="receiveClubEntityTestCountyIsNull" time="0.404" classname="com.vine.ReceiveClubEntityTest"/>
  <testcase name="receiveClubEntityTestReceiveNameIsNull" time="0.082" classname="com.vine.ReceiveClubEntityTest"/>
  <testcase name="receiveClubEntityTestNotLuckyDraw" time="0.152" classname="com.vine.ReceiveClubEntityTest"/>
  <testcase name="receiveClubEntityTestProvinceNameNonExistent" time="0.466" classname="com.vine.ReceiveClubEntityTest"/>
  <testcase name="receiveClubEntityTestProvinceNonExistent" time="0.409" classname="com.vine.ReceiveClubEntityTest"/>
  <testcase name="receiveClubEntityTestTokenIsError" time="0.114" classname="com.vine.ReceiveClubEntityTest"/>
  <testcase name="receiveClubEntityTestActivityIdNonExistent" time="0.090" classname="com.vine.ReceiveClubEntityTest"/>
  <testcase name="receiveClubEntityTestReceiveMobileNonExistent" time="0.073" classname="com.vine.ReceiveClubEntityTest"/>
</testsuite> <!-- com.vine.ReceiveClubEntityTest -->
