<?xml version="1.0" encoding="UTF-8"?>
<!-- Generated by org.testng.reporters.JUnitReportReporter -->
<testsuite hostname="DESKTOP-G15J5GU" name="com.club_oms.AwardCallBackTest" tests="11" failures="0" timestamp="13 Nov 2017 06:36:14 GMT" time="1.431" errors="0">
  <testcase name="awardCallBackTestActivityIdIsNull" time="0.138" classname="com.club_oms.AwardCallBackTest"/>
  <testcase name="awardCallBackTestCdkeyNonExistent" time="0.064" classname="com.club_oms.AwardCallBackTest"/>
  <testcase name="awardCallBackTestTokenIsError" time="0.085" classname="com.club_oms.AwardCallBackTest"/>
  <testcase name="awardCallBackTestCdkeyIsError" time="0.147" classname="com.club_oms.AwardCallBackTest"/>
  <testcase name="awardCallBackTestCorrectParameter" time="0.100" classname="com.club_oms.AwardCallBackTest"/>
  <testcase name="awardCallBackTestCdkeyErrorEncryption" time="0.110" classname="com.club_oms.AwardCallBackTest"/>
  <testcase name="awardCallBackTestTokenNonExistent" time="0.065" classname="com.club_oms.AwardCallBackTest"/>
  <testcase name="awardCallBackTestActivityIdIsError" time="0.494" classname="com.club_oms.AwardCallBackTest"/>
  <testcase name="awardCallBackTestCdkeyIsNull" time="0.091" classname="com.club_oms.AwardCallBackTest"/>
  <testcase name="awardCallBackTestTokenIsNull" time="0.068" classname="com.club_oms.AwardCallBackTest"/>
  <testcase name="awardCallBackTestActivityIdNonExistent" time="0.069" classname="com.club_oms.AwardCallBackTest"/>
</testsuite> <!-- com.club_oms.AwardCallBackTest -->
