<?xml version="1.0" encoding="UTF-8"?>
<!-- Generated by org.testng.reporters.JUnitReportReporter -->
<testsuite hostname="DESKTOP-G15J5GU" name="com.vine.CheckIsJoinApiTest" tests="5" failures="0" timestamp="31 Oct 2017 06:07:57 GMT" time="0.487" errors="0">
  <testcase name="checkIsJoinApiTestTokenIsError" time="0.043" classname="com.vine.CheckIsJoinApiTest"/>
  <testcase name="checkIsJoinApiTestTokenNotJoined" time="0.093" classname="com.vine.CheckIsJoinApiTest"/>
  <testcase name="checkIsJoinApiTestTokenNonExistent" time="0.014" classname="com.vine.CheckIsJoinApiTest"/>
  <testcase name="checkIsJoinApiTestTokenIsNull" time="0.018" classname="com.vine.CheckIsJoinApiTest"/>
  <testcase name="checkIsJoinApiTestTokenHaveJoined" time="0.319" classname="com.vine.CheckIsJoinApiTest"/>
</testsuite> <!-- com.vine.CheckIsJoinApiTest -->
