<?xml version="1.0" encoding="UTF-8"?>
<!-- Generated by org.testng.reporters.JUnitReportReporter -->
<testsuite hostname="DESKTOP-G15J5GU" name="com.vine_data.GetRenewalIntegralTest" tests="23" failures="0" timestamp="22 May 2017 07:03:51 GMT" time="1.128" errors="0">
  <testcase name="getRenewalIntegralTestAccessTokenIsError" time="0.044" classname="com.vine_data.GetRenewalIntegralTest"/>
  <testcase name="getRenewalIntegralTestCarNoTypeIsVAndAgreeRenewalIsYAndDoStatusIs1" time="0.058" classname="com.vine_data.GetRenewalIntegralTest"/>
  <testcase name="getRenewalIntegralTestDoStatusIsIs2" time="0.056" classname="com.vine_data.GetRenewalIntegralTest"/>
  <testcase name="getRenewalIntegralTestCarNoTypeIsPAndAgreeRenewalIsYAndDoStatusIs1" time="0.058" classname="com.vine_data.GetRenewalIntegralTest"/>
  <testcase name="getRenewalIntegralTestCarNoTypeDefaultP" time="0.066" classname="com.vine_data.GetRenewalIntegralTest"/>
  <testcase name="getRenewalIntegralTestUserMobileIsNonExistent" time="0.048" classname="com.vine_data.GetRenewalIntegralTest"/>
  <testcase name="getRenewalIntegralTestOrderNoIsNonExistent" time="0.056" classname="com.vine_data.GetRenewalIntegralTest"/>
  <testcase name="getRenewalIntegralTestCarNoTypeIsPAndAgreeRenewalIsNAndDoStatusIs1" time="0.053" classname="com.vine_data.GetRenewalIntegralTest"/>
  <testcase name="getRenewalIntegralTestOrderNoIsError" time="0.059" classname="com.vine_data.GetRenewalIntegralTest"/>
  <testcase name="getRenewalIntegralTestCarNoIsEmpty" time="0.013" classname="com.vine_data.GetRenewalIntegralTest"/>
  <testcase name="getRenewalIntegralTestCarNoIsNonExistent" time="0.015" classname="com.vine_data.GetRenewalIntegralTest"/>
  <testcase name="getRenewalIntegralTestCarNoTypeIsVAndAgreeRenewalIsNAndDoStatusIs1" time="0.056" classname="com.vine_data.GetRenewalIntegralTest"/>
  <testcase name="getRenewalIntegralTestCarNoTypeNonExistent" time="0.055" classname="com.vine_data.GetRenewalIntegralTest"/>
  <testcase name="getRenewalIntegralTestAccessTokenIsEmpty" time="0.033" classname="com.vine_data.GetRenewalIntegralTest"/>
  <testcase name="getRenewalIntegralTestUserMobileIsEmpty" time="0.054" classname="com.vine_data.GetRenewalIntegralTest"/>
  <testcase name="getRenewalIntegralTestUserMobileLlessThan" time="0.049" classname="com.vine_data.GetRenewalIntegralTest"/>
  <testcase name="getRenewalIntegralTestAccessTokenIsNonExistent" time="0.012" classname="com.vine_data.GetRenewalIntegralTest"/>
  <testcase name="getRenewalIntegralTestOrderNoIsEmpty" time="0.061" classname="com.vine_data.GetRenewalIntegralTest"/>
  <testcase name="getRenewalIntegralTestCarNoTypeDefaultV" time="0.060" classname="com.vine_data.GetRenewalIntegralTest"/>
  <testcase name="getRenewalIntegralTestCarNoTypeIsError" time="0.056" classname="com.vine_data.GetRenewalIntegralTest"/>
  <testcase name="getRenewalIntegralTestUserMobileIsLong" time="0.052" classname="com.vine_data.GetRenewalIntegralTest"/>
  <testcase name="getRenewalIntegralTestCarNoTypeIsVAndDoStatusIsIs2" time="0.058" classname="com.vine_data.GetRenewalIntegralTest"/>
  <testcase name="getRenewalIntegralTestCarNoIsLong" time="0.056" classname="com.vine_data.GetRenewalIntegralTest"/>
</testsuite> <!-- com.vine_data.GetRenewalIntegralTest -->
