<?xml version="1.0" encoding="UTF-8"?>
<!-- Generated by org.testng.reporters.JUnitReportReporter -->
<testsuite hostname="DESKTOP-G15J5GU" name="com.vine_data.GetUserIntegralInfoTest" tests="10" failures="0" timestamp="12 May 2017 09:13:00 GMT" time="0.422" errors="0">
  <testcase name="testGetUserIntegralInfoAccessTokenIsEmpty" time="0.016" classname="com.vine_data.GetUserIntegralInfoTest"/>
  <testcase name="testGetUserIntegralInfouserMobileLess" time="0.014" classname="com.vine_data.GetUserIntegralInfoTest"/>
  <testcase name="testGetUserIntegralInfoAccessTokenNonExistent" time="0.016" classname="com.vine_data.GetUserIntegralInfoTest"/>
  <testcase name="testGetUserIntegralInfoAccessTokenBeOverdue" time="0.052" classname="com.vine_data.GetUserIntegralInfoTest"/>
  <testcase name="testGetUserIntegralInfouserMobileLong" time="0.015" classname="com.vine_data.GetUserIntegralInfoTest"/>
  <testcase name="testGetUserIntegralInfouserMobileIsEmpty" time="0.018" classname="com.vine_data.GetUserIntegralInfoTest"/>
  <testcase name="testGetUserIntegralInfoCorrectParameter" time="0.202" classname="com.vine_data.GetUserIntegralInfoTest"/>
  <testcase name="testGetUserIntegralInfouserMobileNonExistent" time="0.050" classname="com.vine_data.GetUserIntegralInfoTest"/>
  <testcase name="testGetUserIntegralInfouserMobileIsString" time="0.016" classname="com.vine_data.GetUserIntegralInfoTest"/>
  <testcase name="testGetUserIntegralInfouserMobileGreater" time="0.023" classname="com.vine_data.GetUserIntegralInfoTest"/>
</testsuite> <!-- com.vine_data.GetUserIntegralInfoTest -->
