<?xml version="1.0" encoding="UTF-8"?>
<!-- Generated by org.testng.reporters.JUnitReportReporter -->
<testsuite hostname="DESKTOP-G15J5GU" name="com.vine.ReceiveClubIntegralTest" tests="15" failures="0" timestamp="14 Nov 2017 08:29:45 GMT" time="2.270" errors="0">
  <testcase name="getClubUrlTestActivityIdIsNull" time="0.077" classname="com.vine.ReceiveClubIntegralTest"/>
  <testcase name="getClubUrlTestCdkeyIsNull" time="0.060" classname="com.vine.ReceiveClubIntegralTest"/>
  <testcase name="getClubUrlTestSkuIdIsNull" time="0.068" classname="com.vine.ReceiveClubIntegralTest"/>
  <testcase name="getClubUrlTestActivityIdIsError" time="0.334" classname="com.vine.ReceiveClubIntegralTest"/>
  <testcase name="getClubUrlTestTokenIsNull" time="0.075" classname="com.vine.ReceiveClubIntegralTest"/>
  <testcase name="getClubUrlTestSkuIdIsError" time="0.150" classname="com.vine.ReceiveClubIntegralTest"/>
  <testcase name="getClubUrlTestNotLuckyDraw" time="0.159" classname="com.vine.ReceiveClubIntegralTest"/>
  <testcase name="getClubUrlTestSkuIdNonExistent" time="0.061" classname="com.vine.ReceiveClubIntegralTest"/>
  <testcase name="getClubUrlTestTokenIsError" time="0.131" classname="com.vine.ReceiveClubIntegralTest"/>
  <testcase name="getClubUrlTestReceiveThePrize" time="0.149" classname="com.vine.ReceiveClubIntegralTest"/>
  <testcase name="getClubUrlTestTokenNonExistent" time="0.068" classname="com.vine.ReceiveClubIntegralTest"/>
  <testcase name="getClubUrlTestQueryObject" time="0.605" classname="com.vine.ReceiveClubIntegralTest"/>
  <testcase name="getClubUrlTestCdkeyEncryptionFailure" time="0.198" classname="com.vine.ReceiveClubIntegralTest"/>
  <testcase name="getClubUrlTestCdkeyNonExistent" time="0.074" classname="com.vine.ReceiveClubIntegralTest"/>
  <testcase name="getClubUrlTestActivityIdNonExistent" time="0.061" classname="com.vine.ReceiveClubIntegralTest"/>
</testsuite> <!-- com.vine.ReceiveClubIntegralTest -->
