<?xml version="1.0" encoding="UTF-8"?>
<!-- Generated by org.testng.reporters.JUnitReportReporter -->
<testsuite hostname="DESKTOP-G15J5GU" name="com.club_oms.VerifyCallBackTest" tests="14" failures="0" timestamp="13 Nov 2017 06:39:11 GMT" time="1.608" errors="0">
  <testcase name="getActivityTestActivityIdIsNull" time="0.069" classname="com.club_oms.VerifyCallBackTest"/>
  <testcase name="getActivityTestCdkeyIsError" time="0.132" classname="com.club_oms.VerifyCallBackTest"/>
  <testcase name="getActivityTestTokenNonExistent" time="0.084" classname="com.club_oms.VerifyCallBackTest"/>
  <testcase name="getActivityTestActivityIdIsError" time="0.324" classname="com.club_oms.VerifyCallBackTest"/>
  <testcase name="getActivityTestskuIdNonExistent" time="0.096" classname="com.club_oms.VerifyCallBackTest"/>
  <testcase name="getActivityTestTokenIsNull" time="0.061" classname="com.club_oms.VerifyCallBackTest"/>
  <testcase name="getActivityTestCdkeyNonExistent" time="0.068" classname="com.club_oms.VerifyCallBackTest"/>
  <testcase name="getActivityTestskuIdIsError" time="0.089" classname="com.club_oms.VerifyCallBackTest"/>
  <testcase name="getActivityTestskuIdIsNull" time="0.075" classname="com.club_oms.VerifyCallBackTest"/>
  <testcase name="getActivityTestTokenIsError" time="0.106" classname="com.club_oms.VerifyCallBackTest"/>
  <testcase name="getActivityTestCorrectParameter" time="0.245" classname="com.club_oms.VerifyCallBackTest"/>
  <testcase name="getActivityTestCdkeyErrorEncryption" time="0.118" classname="com.club_oms.VerifyCallBackTest"/>
  <testcase name="getActivityTestCdkeyIsNull" time="0.073" classname="com.club_oms.VerifyCallBackTest"/>
  <testcase name="getActivityTestActivityIdNonExistent" time="0.068" classname="com.club_oms.VerifyCallBackTest"/>
</testsuite> <!-- com.club_oms.VerifyCallBackTest -->
