<?xml version="1.0" encoding="UTF-8"?>
<!-- Generated by org.testng.reporters.JUnitReportReporter -->
<testsuite hostname="M0QRPSGAP4T3TPP" name="com.webDynamic.labelManagement.QueryLabelListTest" tests="35" failures="0" timestamp="24 Jul 2018 10:13:45 GMT" time="4.172" errors="0">
  <testcase name="postQueryLabelListTestLabelNameNotTheSameAsType" time="0.146" classname="com.webDynamic.labelManagement.QueryLabelListTest"/>
  <testcase name="postQueryLabelListTestTypeIsOrdinary" time="0.113" classname="com.webDynamic.labelManagement.QueryLabelListTest"/>
  <testcase name="postQueryLabelListTestUserIdIsNegativeNumber" time="0.110" classname="com.webDynamic.labelManagement.QueryLabelListTest"/>
  <testcase name="postQueryLabelListTestLabelNameIsSpace" time="0.108" classname="com.webDynamic.labelManagement.QueryLabelListTest"/>
  <testcase name="postQueryLabelListTestTypeIsTime" time="0.207" classname="com.webDynamic.labelManagement.QueryLabelListTest"/>
  <testcase name="postQueryLabelListTestUserIdIsNull" time="0.327" classname="com.webDynamic.labelManagement.QueryLabelListTest"/>
  <testcase name="postQueryLabelListTestLabelNameIsEmpty" time="0.118" classname="com.webDynamic.labelManagement.QueryLabelListTest"/>
  <testcase name="postQueryLabelListTestTypeIsDecimal" time="0.124" classname="com.webDynamic.labelManagement.QueryLabelListTest"/>
  <testcase name="postQueryLabelListTestTypeNonSubmissionParameters" time="0.085" classname="com.webDynamic.labelManagement.QueryLabelListTest"/>
  <testcase name="postQueryLabelListTestTypeIsString" time="0.087" classname="com.webDynamic.labelManagement.QueryLabelListTest"/>
  <testcase name="postQueryLabelListTestUserIdIsString" time="0.096" classname="com.webDynamic.labelManagement.QueryLabelListTest"/>
  <testcase name="postQueryLabelListTestTypeIsMax" time="0.101" classname="com.webDynamic.labelManagement.QueryLabelListTest"/>
  <testcase name="postQueryLabelListTestUserIdIllegalCharacters" time="0.092" classname="com.webDynamic.labelManagement.QueryLabelListTest"/>
  <testcase name="postQueryLabelListTestTypeIsEmpty" time="0.090" classname="com.webDynamic.labelManagement.QueryLabelListTest"/>
  <testcase name="postQueryLabelListTestUserIdIsSpace" time="0.091" classname="com.webDynamic.labelManagement.QueryLabelListTest"/>
  <testcase name="postQueryLabelListTestLabelNameNonSubmissionParameters" time="0.119" classname="com.webDynamic.labelManagement.QueryLabelListTest"/>
  <testcase name="postQueryLabelListTestLabelNameIsLong" time="0.107" classname="com.webDynamic.labelManagement.QueryLabelListTest"/>
  <testcase name="postQueryLabelListTestUserIdIsLong" time="0.107" classname="com.webDynamic.labelManagement.QueryLabelListTest"/>
  <testcase name="postQueryLabelListTestTypeIllegalCharacters" time="0.103" classname="com.webDynamic.labelManagement.QueryLabelListTest"/>
  <testcase name="postQueryLabelListTestUserIdIsEmpty" time="0.097" classname="com.webDynamic.labelManagement.QueryLabelListTest"/>
  <testcase name="postQueryLabelListTestTypeIsLong" time="0.086" classname="com.webDynamic.labelManagement.QueryLabelListTest"/>
  <testcase name="postQueryLabelListTestLabelNameIllegalCharacters" time="0.114" classname="com.webDynamic.labelManagement.QueryLabelListTest"/>
  <testcase name="postQueryLabelListTestCorrectParameter" time="0.136" classname="com.webDynamic.labelManagement.QueryLabelListTest"/>
  <testcase name="postQueryLabelListTestTypeIsSpace" time="0.096" classname="com.webDynamic.labelManagement.QueryLabelListTest"/>
  <testcase name="postQueryLabelListTestTypeIsError" time="0.094" classname="com.webDynamic.labelManagement.QueryLabelListTest"/>
  <testcase name="postQueryLabelListTestUserIdIsDecimal" time="0.092" classname="com.webDynamic.labelManagement.QueryLabelListTest"/>
  <testcase name="postQueryLabelListTestUserIdIsError" time="0.138" classname="com.webDynamic.labelManagement.QueryLabelListTest"/>
  <testcase name="postQueryLabelListTestTypeIsNull" time="0.094" classname="com.webDynamic.labelManagement.QueryLabelListTest"/>
  <testcase name="postQueryLabelListTestLabelNameIsNull" time="0.110" classname="com.webDynamic.labelManagement.QueryLabelListTest"/>
  <testcase name="postQueryLabelListTestTypeIsSignOfTheZodiac" time="0.178" classname="com.webDynamic.labelManagement.QueryLabelListTest"/>
  <testcase name="postQueryLabelListTestUserIdIsZero" time="0.091" classname="com.webDynamic.labelManagement.QueryLabelListTest"/>
  <testcase name="postQueryLabelListTestUserIdNotLoggedIn" time="0.100" classname="com.webDynamic.labelManagement.QueryLabelListTest"/>
  <testcase name="postQueryLabelListTestTypeIsConstellation" time="0.196" classname="com.webDynamic.labelManagement.QueryLabelListTest"/>
  <testcase name="postQueryLabelListTestTypeIsZero" time="0.118" classname="com.webDynamic.labelManagement.QueryLabelListTest"/>
  <testcase name="postQueryLabelListTestUserIdNonSubmissionParameters" time="0.101" classname="com.webDynamic.labelManagement.QueryLabelListTest"/>
</testsuite> <!-- com.webDynamic.labelManagement.QueryLabelListTest -->
