<?xml version="1.0" encoding="UTF-8"?>
<!-- Generated by org.testng.reporters.JUnitReportReporter -->
<testsuite hostname="DESKTOP-G15J5GU" name="com.vine_data.UpdateRenewalOrderTest" tests="13" failures="0" timestamp="25 May 2017 08:42:46 GMT" time="5.711" errors="0">
  <testcase name="updateRenewalOrderTestMotoTypeNonExistent" time="0.408" classname="com.vine_data.UpdateRenewalOrderTest"/>
  <testcase name="updateRenewalOrderTestVinIsEmpty" time="0.402" classname="com.vine_data.UpdateRenewalOrderTest"/>
  <testcase name="updateRenewalOrderTestInsuranceEffDateNonExistent" time="0.397" classname="com.vine_data.UpdateRenewalOrderTest"/>
  <testcase name="updateRenewalOrderTestInsuranceEffDateIsWrongTime" time="0.416" classname="com.vine_data.UpdateRenewalOrderTest"/>
  <testcase name="updateRenewalOrderTestMotoTypeIsEmpty" time="0.408" classname="com.vine_data.UpdateRenewalOrderTest"/>
  <testcase name="updateRenewalOrderTestInsuranceEffDateIsFutureTime" time="0.440" classname="com.vine_data.UpdateRenewalOrderTest"/>
  <testcase name="updateRenewalOrderTestInsuranceEffDateIsLong" time="0.414" classname="com.vine_data.UpdateRenewalOrderTest"/>
  <testcase name="updateRenewalOrderTestMotoTypeIsLong" time="0.424" classname="com.vine_data.UpdateRenewalOrderTest"/>
  <testcase name="updateRenewalOrderTestVinIsLong" time="0.391" classname="com.vine_data.UpdateRenewalOrderTest"/>
  <testcase name="updateRenewalOrderTestInsuranceEffDateIsEmpty" time="0.767" classname="com.vine_data.UpdateRenewalOrderTest"/>
  <testcase name="updateRenewalOrderTestInsuranceEffDateIsTimeStamp" time="0.410" classname="com.vine_data.UpdateRenewalOrderTest"/>
  <testcase name="updateRenewalOrderTestInsuranceEffDateIsString" time="0.450" classname="com.vine_data.UpdateRenewalOrderTest"/>
  <testcase name="updateRenewalOrderTestVinNonExistent" time="0.384" classname="com.vine_data.UpdateRenewalOrderTest"/>
</testsuite> <!-- com.vine_data.UpdateRenewalOrderTest -->
