<?xml version="1.0" encoding="UTF-8"?>
<!-- Generated by org.testng.reporters.JUnitReportReporter -->
<testsuite hostname="DESKTOP-G15J5GU" name="com.vine_data.YFReceiveProductTest" tests="66" failures="0" timestamp="25 May 2017 09:23:47 GMT" time="29.954" errors="0">
  <testcase name="receiveProductTestImagePathIsLong" time="0.098" classname="com.vine_data.YFReceiveProductTest"/>
  <testcase name="receiveProductTestStatusIsError" time="0.366" classname="com.vine_data.YFReceiveProductTest"/>
  <testcase name="receiveProductTestAccessTokenBeOverdue" time="0.305" classname="com.vine_data.YFReceiveProductTest"/>
  <testcase name="receiveProductTestImageListNonExistent" time="0.487" classname="com.vine_data.YFReceiveProductTest"/>
  <testcase name="receiveProductTestTaxDecimalNumbe" time="0.352" classname="com.vine_data.YFReceiveProductTest"/>
  <testcase name="receiveProductTestTaxIsZero" time="0.378" classname="com.vine_data.YFReceiveProductTest"/>
  <testcase name="receiveProductTestTaxNegative" time="0.535" classname="com.vine_data.YFReceiveProductTest"/>
  <testcase name="receiveProductTestTaxGreaterThanOne" time="0.348" classname="com.vine_data.YFReceiveProductTest"/>
  <testcase name="receiveProductTestTitleNonExistent" time="0.107" classname="com.vine_data.YFReceiveProductTest"/>
  <testcase name="receiveProductTestTitleIsEmpty" time="0.097" classname="com.vine_data.YFReceiveProductTest"/>
  <testcase name="receiveProductTestTitleLong" time="0.142" classname="com.vine_data.YFReceiveProductTest"/>
  <testcase name="receiveProductTestImageListIsEmpty" time="0.420" classname="com.vine_data.YFReceiveProductTest"/>
  <testcase name="receiveProductTestImagePathIsEmpty" time="0.064" classname="com.vine_data.YFReceiveProductTest"/>
  <testcase name="receiveProductTestSettlementpriceIsString" time="0.093" classname="com.vine_data.YFReceiveProductTest"/>
  <testcase name="receiveProductTestStatusIsEmpty" time="0.071" classname="com.vine_data.YFReceiveProductTest"/>
  <testcase name="receiveProductTestSettlementpriceIsMax" time="0.090" classname="com.vine_data.YFReceiveProductTest"/>
  <testcase name="receiveProductTestSkuIdIsEmpty" time="0.053" classname="com.vine_data.YFReceiveProductTest"/>
  <testcase name="receiveProductTestStatusIsLong" time="0.472" classname="com.vine_data.YFReceiveProductTest"/>
  <testcase name="receiveProductTestSubcategory2NonExistent" time="0.441" classname="com.vine_data.YFReceiveProductTest"/>
  <testcase name="receiveProductTestSettlementpriceIsDecimalNumber" time="0.451" classname="com.vine_data.YFReceiveProductTest"/>
  <testcase name="receiveProductTestSubcategoryIsLong" time="0.094" classname="com.vine_data.YFReceiveProductTest"/>
  <testcase name="receiveProductTestIntroductionIsEmpty" time="0.053" classname="com.vine_data.YFReceiveProductTest"/>
  <testcase name="receiveProductTestReferencepriceIsMax" time="0.099" classname="com.vine_data.YFReceiveProductTest"/>
  <testcase name="receiveProductTestTaxIsString" time="0.494" classname="com.vine_data.YFReceiveProductTest"/>
  <testcase name="receiveProductTestBrandNameNonExistent" time="0.059" classname="com.vine_data.YFReceiveProductTest"/>
  <testcase name="receiveProductTestReferencepricelsNegative" time="0.565" classname="com.vine_data.YFReceiveProductTest"/>
  <testcase name="receiveProductTestSettlementpricelsNegative" time="0.301" classname="com.vine_data.YFReceiveProductTest"/>
  <testcase name="receiveProductTestSubcategoryIsEmpty" time="0.474" classname="com.vine_data.YFReceiveProductTest"/>
  <testcase name="receiveProductTestTaxGreaterThanOneHundred" time="0.382" classname="com.vine_data.YFReceiveProductTest"/>
  <testcase name="receiveProductTestSettlementpriceIsDecimal" time="0.505" classname="com.vine_data.YFReceiveProductTest"/>
  <testcase name="receiveProductTestReferencepricelsZero" time="0.320" classname="com.vine_data.YFReceiveProductTest"/>
  <testcase name="receiveProductTestSettlementpricelsEmpty" time="0.049" classname="com.vine_data.YFReceiveProductTest"/>
  <testcase name="receiveProductTestReferencepriceNonExistentl" time="0.058" classname="com.vine_data.YFReceiveProductTest"/>
  <testcase name="receiveProductTestStatusIsString" time="0.375" classname="com.vine_data.YFReceiveProductTest"/>
  <testcase name="receiveProductTestImageListIsLong" time="0.097" classname="com.vine_data.YFReceiveProductTest"/>
  <testcase name="receiveProductTestReferencepriceIsLong" time="0.095" classname="com.vine_data.YFReceiveProductTest"/>
  <testcase name="receiveProductTestBrandNameIsEmpty" time="0.065" classname="com.vine_data.YFReceiveProductTest"/>
  <testcase name="receiveProductTestStatusOffTheShelf" time="0.498" classname="com.vine_data.YFReceiveProductTest"/>
  <testcase name="receiveProductTestReferencepriceIsString" time="0.102" classname="com.vine_data.YFReceiveProductTest"/>
  <testcase name="receiveProductTestStatusTheShelves" time="0.379" classname="com.vine_data.YFReceiveProductTest"/>
  <testcase name="receiveProductTestStatusIsDecimal" time="0.317" classname="com.vine_data.YFReceiveProductTest"/>
  <testcase name="receiveProductTestStatusNonExistent" time="0.075" classname="com.vine_data.YFReceiveProductTest"/>
  <testcase name="receiveProductTestReferencepriceIsDecimalNumber" time="0.455" classname="com.vine_data.YFReceiveProductTest"/>
  <testcase name="receiveProductTestTaxIsEmpty" time="0.059" classname="com.vine_data.YFReceiveProductTest"/>
  <testcase name="receiveProductTestCategoryNonExistent" time="0.601" classname="com.vine_data.YFReceiveProductTest"/>
  <testcase name="receiveProductTestSettlementpricelsZero" time="0.458" classname="com.vine_data.YFReceiveProductTest"/>
  <testcase name="receiveProductTestReferencepricelsEmpty" time="0.062" classname="com.vine_data.YFReceiveProductTest"/>
  <testcase name="receiveProductTestImagePathNonExistent" time="0.062" classname="com.vine_data.YFReceiveProductTest"/>
  <testcase name="receiveProductTestSkuIdNonexistent" time="0.057" classname="com.vine_data.YFReceiveProductTest"/>
  <testcase name="receiveProductTestSubcategory2IsLong" time="0.093" classname="com.vine_data.YFReceiveProductTest"/>
  <testcase name="receiveProductTestIntroductionIsLong" time="13.559" classname="com.vine_data.YFReceiveProductTest"/>
  <testcase name="receiveProductTestBrandNameIsLong" time="0.089" classname="com.vine_data.YFReceiveProductTest"/>
  <testcase name="receiveProductTestReferencepriceIsDecimal" time="0.395" classname="com.vine_data.YFReceiveProductTest"/>
  <testcase name="receiveProductTestAccessTokenNonExistent" time="0.073" classname="com.vine_data.YFReceiveProductTest"/>
  <testcase name="receiveProductTestAccessTokenIsEmpty" time="0.059" classname="com.vine_data.YFReceiveProductTest"/>
  <testcase name="receiveProductTestStatusIsNegative" time="0.550" classname="com.vine_data.YFReceiveProductTest"/>
  <testcase name="receiveProductTestCategoryIsEmpty" time="0.471" classname="com.vine_data.YFReceiveProductTest"/>
  <testcase name="receiveProductTestIntroductionNonExistent" time="0.072" classname="com.vine_data.YFReceiveProductTest"/>
  <testcase name="receiveProductTestCategoryIsLong" time="0.112" classname="com.vine_data.YFReceiveProductTest"/>
  <testcase name="receiveProductTestSkuIdAlreadyExist" time="0.546" classname="com.vine_data.YFReceiveProductTest"/>
  <testcase name="receiveProductTestCorrectParameter" time="0.438" classname="com.vine_data.YFReceiveProductTest"/>
  <testcase name="receiveProductTestSubcategoryNonExistent" time="0.287" classname="com.vine_data.YFReceiveProductTest"/>
  <testcase name="receiveProductTestSettlementpriceNonExistentl" time="0.053" classname="com.vine_data.YFReceiveProductTest"/>
  <testcase name="receiveProductTestSettlementpriceIsLong" time="0.087" classname="com.vine_data.YFReceiveProductTest"/>
  <testcase name="receiveProductTestSubcategory2IsEmpty" time="0.429" classname="com.vine_data.YFReceiveProductTest"/>
  <testcase name="receiveProductTestTaxNonExistent" time="0.061" classname="com.vine_data.YFReceiveProductTest"/>
</testsuite> <!-- com.vine_data.YFReceiveProductTest -->
