<?xml version="1.0" encoding="UTF-8"?>
<!-- Generated by org.testng.reporters.JUnitReportReporter -->
<testsuite hostname="DESKTOP-G15J5GU" name="com.vine_data.YFAfterServiceTest" tests="15" failures="0" timestamp="25 May 2017 08:50:07 GMT" time="4.733" errors="0">
  <testcase name="getAfterServiceTestOrdersIdIsError" time="0.287" classname="com.vine_data.YFAfterServiceTest"/>
  <testcase name="getAfterServicePaymentIsMax" time="0.263" classname="com.vine_data.YFAfterServiceTest"/>
  <testcase name="getAfterServiceTestAccessTokenNonExistent" time="0.227" classname="com.vine_data.YFAfterServiceTest"/>
  <testcase name="getAfterServicePaymentNonExistent" time="0.219" classname="com.vine_data.YFAfterServiceTest"/>
  <testcase name="getAfterServiceTestOrdersIdIsEmpty" time="0.248" classname="com.vine_data.YFAfterServiceTest"/>
  <testcase name="getAfterServiceTestAccessTokenIsError" time="0.240" classname="com.vine_data.YFAfterServiceTest"/>
  <testcase name="getAfterServiceTestAccessTokenIsEmpty" time="0.226" classname="com.vine_data.YFAfterServiceTest"/>
  <testcase name="getAfterServiceTestOrdersIdNonExistent" time="0.225" classname="com.vine_data.YFAfterServiceTest"/>
  <testcase name="getAfterServicePaymentDecimal" time="0.380" classname="com.vine_data.YFAfterServiceTest"/>
  <testcase name="getAfterServicePaymentDecimalNumber" time="0.277" classname="com.vine_data.YFAfterServiceTest"/>
  <testcase name="getAfterServiceTestCorrectParameter" time="0.559" classname="com.vine_data.YFAfterServiceTest"/>
  <testcase name="getAfterServicePaymentIsEmpty" time="0.237" classname="com.vine_data.YFAfterServiceTest"/>
  <testcase name="getAfterServicePaymentNegative" time="0.233" classname="com.vine_data.YFAfterServiceTest"/>
  <testcase name="getAfterServicePaymentIsZero" time="0.249" classname="com.vine_data.YFAfterServiceTest"/>
  <testcase name="getAfterServiceTestOrdersIdReturnedIntegral" time="0.863" classname="com.vine_data.YFAfterServiceTest"/>
</testsuite> <!-- com.vine_data.YFAfterServiceTest -->
