<?xml version="1.0" encoding="UTF-8"?>
<!-- Generated by org.testng.reporters.JUnitReportReporter -->
<testsuite hostname="DESKTOP-G15J5GU" name="com.vine_data.SPReceiveProductTest" tests="54" failures="0" timestamp="25 May 2017 07:57:42 GMT" time="8.789" errors="0">
  <testcase name="receiveProductTestSkuIdIsEmpty" time="0.052" classname="com.vine_data.SPReceiveProductTest"/>
  <testcase name="receiveProductTestAccessTokenNonExistent" time="0.054" classname="com.vine_data.SPReceiveProductTest"/>
  <testcase name="receiveProductTestItemIdIsEmpty" time="0.157" classname="com.vine_data.SPReceiveProductTest"/>
  <testcase name="receiveProductTestMktPriceNonExistent" time="0.168" classname="com.vine_data.SPReceiveProductTest"/>
  <testcase name="receiveProductTestMktPrice2Decimal" time="0.224" classname="com.vine_data.SPReceiveProductTest"/>
  <testcase name="receiveProductTestItemIdNonExistent" time="0.170" classname="com.vine_data.SPReceiveProductTest"/>
  <testcase name="receiveProductTestMktPriceIsEmpty" time="0.167" classname="com.vine_data.SPReceiveProductTest"/>
  <testcase name="receiveProductTestCostPriceNonExistent" time="0.163" classname="com.vine_data.SPReceiveProductTest"/>
  <testcase name="receiveProductTestStatusIsEmpty" time="0.093" classname="com.vine_data.SPReceiveProductTest"/>
  <testcase name="receiveProductTestShopIdNonExistent" time="0.172" classname="com.vine_data.SPReceiveProductTest"/>
  <testcase name="receiveProductTestPriceNonExistent" time="0.141" classname="com.vine_data.SPReceiveProductTest"/>
  <testcase name="receiveProductTestBrandNameLong" time="0.213" classname="com.vine_data.SPReceiveProductTest"/>
  <testcase name="receiveProductTestMktPriceIsString" time="0.196" classname="com.vine_data.SPReceiveProductTest"/>
  <testcase name="receiveProductTestPriceIsString" time="0.210" classname="com.vine_data.SPReceiveProductTest"/>
  <testcase name="receiveProductTestBrandNameIsEmpty" time="0.178" classname="com.vine_data.SPReceiveProductTest"/>
  <testcase name="receiveProductTestPriceIsEmpty" time="0.181" classname="com.vine_data.SPReceiveProductTest"/>
  <testcase name="receiveProductTestMktPrice5Decimal" time="0.202" classname="com.vine_data.SPReceiveProductTest"/>
  <testcase name="receiveProductTestStatusIsError" time="0.097" classname="com.vine_data.SPReceiveProductTest"/>
  <testcase name="receiveProductTestItemIdAlreadyExist" time="0.210" classname="com.vine_data.SPReceiveProductTest"/>
  <testcase name="receiveProductTestPriceLong" time="0.207" classname="com.vine_data.SPReceiveProductTest"/>
  <testcase name="receiveProductTestCostPrice5Decimal" time="0.226" classname="com.vine_data.SPReceiveProductTest"/>
  <testcase name="receiveProductTestSkuIdNonexistent" time="0.051" classname="com.vine_data.SPReceiveProductTest"/>
  <testcase name="receiveProductTestAccessTokenBeOverdue" time="0.328" classname="com.vine_data.SPReceiveProductTest"/>
  <testcase name="receiveProductTestImageSrcIsEmpty" time="0.109" classname="com.vine_data.SPReceiveProductTest"/>
  <testcase name="receiveProductTestCorrectParameter" time="0.105" classname="com.vine_data.SPReceiveProductTest"/>
  <testcase name="receiveProductTestImageSrcNonExistent" time="0.097" classname="com.vine_data.SPReceiveProductTest"/>
  <testcase name="receiveProductTestIntroductionIsEmpty" time="0.054" classname="com.vine_data.SPReceiveProductTest"/>
  <testcase name="receiveProductTestCatIdIsEmpty" time="0.175" classname="com.vine_data.SPReceiveProductTest"/>
  <testcase name="receiveProductTestBnNonExistent" time="0.224" classname="com.vine_data.SPReceiveProductTest"/>
  <testcase name="receiveProductTestImageSrcIsLong" time="0.092" classname="com.vine_data.SPReceiveProductTest"/>
  <testcase name="receiveProductTestTitleLong" time="0.198" classname="com.vine_data.SPReceiveProductTest"/>
  <testcase name="receiveProductTestBnLong" time="0.206" classname="com.vine_data.SPReceiveProductTest"/>
  <testcase name="receiveProductTestCatIdNonExistent" time="0.172" classname="com.vine_data.SPReceiveProductTest"/>
  <testcase name="receiveProductTestImageDefaultIdLong" time="0.192" classname="com.vine_data.SPReceiveProductTest"/>
  <testcase name="receiveProductTestBnIsEmpty" time="0.211" classname="com.vine_data.SPReceiveProductTest"/>
  <testcase name="receiveProductTestStatusIs0" time="0.092" classname="com.vine_data.SPReceiveProductTest"/>
  <testcase name="receiveProductTestAccessTokenIsEmpty" time="0.060" classname="com.vine_data.SPReceiveProductTest"/>
  <testcase name="receiveProductTestSkuIdAlreadyExist" time="0.203" classname="com.vine_data.SPReceiveProductTest"/>
  <testcase name="receiveProductTestPrice5Decimal" time="0.216" classname="com.vine_data.SPReceiveProductTest"/>
  <testcase name="receiveProductTestCostPriceIsEmpty" time="0.172" classname="com.vine_data.SPReceiveProductTest"/>
  <testcase name="receiveProductTestShopIdIsEmpty" time="0.158" classname="com.vine_data.SPReceiveProductTest"/>
  <testcase name="receiveProductTestTitleIsEmpty" time="0.159" classname="com.vine_data.SPReceiveProductTest"/>
  <testcase name="receiveProductTestStatusIs1" time="0.093" classname="com.vine_data.SPReceiveProductTest"/>
  <testcase name="receiveProductTestBrandNameNonExistent" time="0.193" classname="com.vine_data.SPReceiveProductTest"/>
  <testcase name="receiveProductTestImageDefaultIdIsEmpty" time="0.184" classname="com.vine_data.SPReceiveProductTest"/>
  <testcase name="receiveProductTestIntroductionNonExistent" time="0.056" classname="com.vine_data.SPReceiveProductTest"/>
  <testcase name="receiveProductTestPrice2Decimal" time="0.204" classname="com.vine_data.SPReceiveProductTest"/>
  <testcase name="receiveProductTestImageDefaultIdNonExistent" time="0.189" classname="com.vine_data.SPReceiveProductTest"/>
  <testcase name="receiveProductTestTitleNonExistent" time="0.176" classname="com.vine_data.SPReceiveProductTest"/>
  <testcase name="receiveProductTestCostPriceLong" time="0.206" classname="com.vine_data.SPReceiveProductTest"/>
  <testcase name="receiveProductTestCostPriceIsString" time="0.204" classname="com.vine_data.SPReceiveProductTest"/>
  <testcase name="receiveProductTestIntroductionIsLong" time="0.089" classname="com.vine_data.SPReceiveProductTest"/>
  <testcase name="receiveProductTestCostPrice2Decimal" time="0.229" classname="com.vine_data.SPReceiveProductTest"/>
  <testcase name="receiveProductTestMktPriceLong" time="0.211" classname="com.vine_data.SPReceiveProductTest"/>
</testsuite> <!-- com.vine_data.SPReceiveProductTest -->
