<?xml version="1.0" encoding="UTF-8"?>
<!-- Generated by org.testng.reporters.JUnitReportReporter -->
<testsuite hostname="DESKTOP-G15J5GU" name="com.yxct.NowViolationTest" tests="5" failures="0" timestamp="27 Nov 2017 02:45:11 GMT" time="0.184" errors="0">
  <testcase name="getNowViolationTestCarNonExistent" time="0.011" classname="com.yxct.NowViolationTest"/>
  <testcase name="getNowViolationTestCorrectParameter" time="0.021" classname="com.yxct.NowViolationTest"/>
  <testcase name="getNowViolationTestCarNoNoVehicleInformation" time="0.021" classname="com.yxct.NowViolationTest"/>
  <testcase name="getNowViolationTestCarIsNull" time="0.014" classname="com.yxct.NowViolationTest"/>
  <testcase name="getNowViolationTestCarIsError" time="0.117" classname="com.yxct.NowViolationTest"/>
</testsuite> <!-- com.yxct.NowViolationTest -->
