<?xml version="1.0" encoding="UTF-8"?>
<!-- Generated by org.testng.reporters.JUnitReportReporter -->
<testsuite hostname="DESKTOP-G15J5GU" name="com.vine_data.DeductIntegralTest" tests="24" failures="0" timestamp="12 May 2017 08:00:15 GMT" time="1.671" errors="0">
  <testcase name="deductIntegralTestUserMobileIsEmpty" time="0.018" classname="com.vine_data.DeductIntegralTest"/>
  <testcase name="deductIntegralTestAccessTokenNonExistent" time="0.017" classname="com.vine_data.DeductIntegralTest"/>
  <testcase name="deductIntegralTestOrderNoIsLong" time="0.090" classname="com.vine_data.DeductIntegralTest"/>
  <testcase name="deductIntegralTestOrderNoNonExistent" time="0.023" classname="com.vine_data.DeductIntegralTest"/>
  <testcase name="deductIntegralTestIntegralNegative" time="0.019" classname="com.vine_data.DeductIntegralTest"/>
  <testcase name="deductIntegralTestUserMobileNonExistent" time="0.021" classname="com.vine_data.DeductIntegralTest"/>
  <testcase name="deductIntegralTestUserMobileIsChar" time="0.090" classname="com.vine_data.DeductIntegralTest"/>
  <testcase name="deductIntegralTestIntegralIsEmpty" time="0.018" classname="com.vine_data.DeductIntegralTest"/>
  <testcase name="deductIntegralTestChannelNonExistent" time="0.030" classname="com.vine_data.DeductIntegralTest"/>
  <testcase name="deductIntegralTestTitleNonExistent" time="0.019" classname="com.vine_data.DeductIntegralTest"/>
  <testcase name="deductIntegralTestIntegralIsZero" time="0.025" classname="com.vine_data.DeductIntegralTest"/>
  <testcase name="deductIntegralTestUserMobileGreaterThan11" time="0.059" classname="com.vine_data.DeductIntegralTest"/>
  <testcase name="deductIntegralTestTitleIsLong" time="0.378" classname="com.vine_data.DeductIntegralTest"/>
  <testcase name="deductIntegralTestCorrectParameter" time="0.099" classname="com.vine_data.DeductIntegralTest"/>
  <testcase name="deductIntegralTestChannelIsEmpty" time="0.016" classname="com.vine_data.DeductIntegralTest"/>
  <testcase name="deductIntegralTestIntegralNonExistent" time="0.016" classname="com.vine_data.DeductIntegralTest"/>
  <testcase name="deductIntegralTestTitleIsEmpty" time="0.019" classname="com.vine_data.DeductIntegralTest"/>
  <testcase name="deductIntegralTestAccessTokenIsEmpty" time="0.066" classname="com.vine_data.DeductIntegralTest"/>
  <testcase name="deductIntegralTestAccessTokenIsError" time="0.044" classname="com.vine_data.DeductIntegralTest"/>
  <testcase name="deductIntegralTestUserMobileLessThan11" time="0.060" classname="com.vine_data.DeductIntegralTest"/>
  <testcase name="deductIntegralTestIntegralIsSuper" time="0.088" classname="com.vine_data.DeductIntegralTest"/>
  <testcase name="deductIntegralTestChannelIsLong" time="0.409" classname="com.vine_data.DeductIntegralTest"/>
  <testcase name="deductIntegralTestIntegralIsDecimal" time="0.030" classname="com.vine_data.DeductIntegralTest"/>
  <testcase name="deductIntegralTestOrderNoIsEmpty" time="0.017" classname="com.vine_data.DeductIntegralTest"/>
</testsuite> <!-- com.vine_data.DeductIntegralTest -->
