<?xml version="1.0" encoding="UTF-8"?>
<!-- Generated by org.testng.reporters.JUnitReportReporter -->
<testsuite hostname="DESKTOP-G15J5GU" name="com.vine_data.SupplierCtrReserveBatch" tests="1" failures="0" timestamp="9 Mar 2017 10:33:17 GMT" time="0.007" errors="0">
  <testcase name="testParameterT" time="0.007" classname="com.vine_data.SupplierCtrReserveBatch"/>
</testsuite> <!-- com.vine_data.SupplierCtrReserveBatch -->
