<?xml version="1.0" encoding="UTF-8"?>
<!-- Generated by org.testng.reporters.JUnitReportReporter -->
<testsuite hostname="DESKTOP-G15J5GU" name="com.vine.GetCouponGoodsDetailsTest" tests="4" failures="0" timestamp="6 Apr 2017 07:07:05 GMT" time="0.263" errors="0">
  <testcase name="getCouponGoodsDetailsTestIdNoCoupon" time="0.027" classname="com.vine.GetCouponGoodsDetailsTest"/>
  <testcase name="getCouponGoodsDetailsTestCorrectParameter" time="0.178" classname="com.vine.GetCouponGoodsDetailsTest"/>
  <testcase name="getCouponGoodsDetailsTestIdIsNull" time="0.036" classname="com.vine.GetCouponGoodsDetailsTest"/>
  <testcase name="getCouponGoodsDetailsTestIdNonExistent" time="0.022" classname="com.vine.GetCouponGoodsDetailsTest"/>
</testsuite> <!-- com.vine.GetCouponGoodsDetailsTest -->
