<?xml version="1.0" encoding="UTF-8"?>
<!-- Generated by org.testng.reporters.JUnitReportReporter -->
<testsuite hostname="zhanglingfeng" name="com.personalCenter.GetTheUserAddressTest" tests="1" failures="0" timestamp="1 Jun 2018 06:03:17 GMT" time="0.052" errors="0">
  <testcase name="postTheUserAddressTestCorrectParameter" time="0.052" classname="com.personalCenter.GetTheUserAddressTest"/>
</testsuite> <!-- com.personalCenter.GetTheUserAddressTest -->
