<?xml version="1.0" encoding="UTF-8"?>
<!-- Generated by org.testng.reporters.JUnitReportReporter -->
<testsuite hostname="DESKTOP-G15J5GU" name="com.vine.QuitUnionApiTest" tests="5" failures="0" timestamp="31 Oct 2017 06:07:31 GMT" time="0.501" errors="0">
  <testcase name="quitUnionApiTestTokenNonExistent" time="0.014" classname="com.vine.QuitUnionApiTest"/>
  <testcase name="quitUnionApiTestTokenHaveJoined" time="0.320" classname="com.vine.QuitUnionApiTest"/>
  <testcase name="quitUnionApiTestTokenIsError" time="0.045" classname="com.vine.QuitUnionApiTest"/>
  <testcase name="quitUnionApiTestTokenIsNull" time="0.018" classname="com.vine.QuitUnionApiTest"/>
  <testcase name="quitUnionApiTestTokenNotJoined" time="0.104" classname="com.vine.QuitUnionApiTest"/>
</testsuite> <!-- com.vine.QuitUnionApiTest -->
