<?xml version="1.0" encoding="UTF-8"?>
<!-- Generated by org.testng.reporters.JUnitReportReporter -->
<testsuite hostname="DESKTOP-G15J5GU" name="com.vine.GetCarViolationApiTest" tests="6" failures="0" timestamp="1 Nov 2017 08:52:11 GMT" time="0.234" errors="0">
  <testcase name="getEycDataApiTestCarNoNonExistent" time="0.014" classname="com.vine.GetCarViolationApiTest"/>
  <testcase name="getEycDataApiTestCorrectParameter" time="0.024" classname="com.vine.GetCarViolationApiTest"/>
  <testcase name="getEycDataApiTestCarNoIsNull" time="0.012" classname="com.vine.GetCarViolationApiTest"/>
  <testcase name="getEycDataApiTestCarNoNewEnergy" time="0.026" classname="com.vine.GetCarViolationApiTest"/>
  <testcase name="getEycDataApiTestCarNoNoViolationInformation" time="0.021" classname="com.vine.GetCarViolationApiTest"/>
  <testcase name="getEycDataApiTestCarNoIsError" time="0.137" classname="com.vine.GetCarViolationApiTest"/>
</testsuite> <!-- com.vine.GetCarViolationApiTest -->
