<?xml version="1.0" encoding="UTF-8"?>
<!-- Generated by org.testng.reporters.JUnitReportReporter -->
<testsuite hostname="DESKTOP-G15J5GU" name="com.vine_data.GHBOrderForIntegralSmsTest" tests="10" failures="1" timestamp="13 May 2017 02:03:16 GMT" time="0.244" errors="0">
  <testcase name="testGHBOrderForIntegralAccessTokenLong" time="0.058" classname="com.vine_data.GHBOrderForIntegralSmsTest"/>
  <testcase name="testGHBOrderForIntegralUserMobileLong" time="0.013" classname="com.vine_data.GHBOrderForIntegralSmsTest"/>
  <testcase name="testGHBOrderForIntegralAccessTokenNonExistent" time="0.013" classname="com.vine_data.GHBOrderForIntegralSmsTest"/>
  <testcase name="testGHBOrderForIntegralUserMobileGreater" time="0.016" classname="com.vine_data.GHBOrderForIntegralSmsTest"/>
  <testcase name="testGHBOrderForIntegralUserMobileIsEmpty" time="0.017" classname="com.vine_data.GHBOrderForIntegralSmsTest"/>
  <testcase name="testGHBOrderForIntegralUserMobileLess" time="0.013" classname="com.vine_data.GHBOrderForIntegralSmsTest"/>
  <testcase name="testGHBOrderForIntegralAccessTokenIsEmpty" time="0.017" classname="com.vine_data.GHBOrderForIntegralSmsTest"/>
  <testcase name="testGHBOrderForIntegralAccessTokenOverdue" time="0.038" classname="com.vine_data.GHBOrderForIntegralSmsTest"/>
  <testcase name="testGHBOrderForIntegralCorrectParameter" time="0.048" classname="com.vine_data.GHBOrderForIntegralSmsTest">
    <failure type="org.junit.ComparisonFailure" message="expected:&lt;&quot;[0000]&quot;&gt; but was:&lt;&quot;[1002]&quot;&gt;">
      <![CDATA[org.junit.ComparisonFailure: expected:<"[0000]"> but was:<"[1002]">
	at sun.reflect.NativeConstructorAccessorImpl.newInstance0(Native Method)
	at sun.reflect.NativeConstructorAccessorImpl.newInstance(NativeConstructorAccessorImpl.java:62)
	at sun.reflect.DelegatingConstructorAccessorImpl.newInstance(DelegatingConstructorAccessorImpl.java:45)
	at com.vine_data.GHBOrderForIntegralSmsTest.testGHBOrderForIntegralCorrectParameter(GHBOrderForIntegralSmsTest.java:47)
	at sun.reflect.NativeMethodAccessorImpl.invoke0(Native Method)
	at sun.reflect.NativeMethodAccessorImpl.invoke(NativeMethodAccessorImpl.java:62)
	at sun.reflect.DelegatingMethodAccessorImpl.invoke(DelegatingMethodAccessorImpl.java:43)
	at java.lang.reflect.Method.invoke(Method.java:498)
	at org.testng.internal.MethodInvocationHelper.invokeMethod(MethodInvocationHelper.java:85)
	at org.testng.internal.Invoker.invokeMethod(Invoker.java:659)
	at org.testng.internal.Invoker.invokeTestMethod(Invoker.java:845)
	at org.testng.internal.Invoker.invokeTestMethods(Invoker.java:1153)
	at org.testng.internal.TestMethodWorker.invokeTestMethods(TestMethodWorker.java:125)
	at org.testng.internal.TestMethodWorker.run(TestMethodWorker.java:108)
	at org.testng.TestRunner.privateRun(TestRunner.java:771)
	at org.testng.TestRunner.run(TestRunner.java:621)
	at org.testng.SuiteRunner.runTest(SuiteRunner.java:357)
	at org.testng.SuiteRunner.runSequentially(SuiteRunner.java:352)
	at org.testng.SuiteRunner.privateRun(SuiteRunner.java:310)
	at org.testng.SuiteRunner.run(SuiteRunner.java:259)
	at org.testng.SuiteRunnerWorker.runSuite(SuiteRunnerWorker.java:52)
	at org.testng.SuiteRunnerWorker.run(SuiteRunnerWorker.java:86)
	at org.testng.TestNG.runSuitesSequentially(TestNG.java:1199)
	at org.testng.TestNG.runSuitesLocally(TestNG.java:1124)
	at org.testng.TestNG.run(TestNG.java:1032)
	at org.testng.remote.AbstractRemoteTestNG.run(AbstractRemoteTestNG.java:132)
	at org.testng.remote.RemoteTestNG.initAndRun(RemoteTestNG.java:236)
	at org.testng.remote.RemoteTestNG.main(RemoteTestNG.java:81)
]]>
    </failure>
  </testcase> <!-- testGHBOrderForIntegralCorrectParameter -->
  <testcase name="testGHBOrderForIntegralUserMobileNonExistent" time="0.011" classname="com.vine_data.GHBOrderForIntegralSmsTest"/>
</testsuite> <!-- com.vine_data.GHBOrderForIntegralSmsTest -->
