<?xml version="1.0" encoding="UTF-8"?>
<!-- Generated by org.testng.reporters.JUnitReportReporter -->
<testsuite hostname="zhanglingfeng" name="com.contentManagement.GetSensitiveWordListTest" tests="1" failures="0" timestamp="1 Jun 2018 07:06:10 GMT" time="0.035" errors="0">
  <testcase name="postGetSensitiveWordListTestPageNowIsDecimal" time="0.035" classname="com.contentManagement.GetSensitiveWordListTest"/>
</testsuite> <!-- com.contentManagement.GetSensitiveWordListTest -->
