<?xml version="1.0" encoding="UTF-8"?>
<!-- Generated by org.testng.reporters.JUnitReportReporter -->
<testsuite hostname="DESKTOP-G15J5GU" name="com.club_oms.PrizeListTest" tests="7" failures="0" timestamp="13 Nov 2017 06:46:43 GMT" time="0.291" errors="0">
  <testcase name="prizeListTestActivityIdIsError" time="0.062" classname="com.club_oms.PrizeListTest"/>
  <testcase name="prizeListTestCorrectParameter" time="0.083" classname="com.club_oms.PrizeListTest"/>
  <testcase name="prizeListTestTokenIsError" time="0.045" classname="com.club_oms.PrizeListTest"/>
  <testcase name="prizeListTestTokenIsNull" time="0.018" classname="com.club_oms.PrizeListTest"/>
  <testcase name="prizeListTestTokenNonExistent" time="0.018" classname="com.club_oms.PrizeListTest"/>
  <testcase name="prizeListTestActivityIdNonExistent" time="0.014" classname="com.club_oms.PrizeListTest"/>
  <testcase name="prizeListTestActivityIdIsNull" time="0.051" classname="com.club_oms.PrizeListTest"/>
</testsuite> <!-- com.club_oms.PrizeListTest -->
