<?xml version="1.0" encoding="UTF-8"?>
<!-- Generated by org.testng.reporters.JUnitReportReporter -->
<testsuite hostname="DESKTOP-G15J5GU" name="com.club_oms.GetActivityTest" tests="7" failures="0" timestamp="13 Nov 2017 06:48:08 GMT" time="0.213" errors="0">
  <testcase name="getActivityTestActivityIdIsError" time="0.054" classname="com.club_oms.GetActivityTest"/>
  <testcase name="getActivityTestCorrectParameter" time="0.043" classname="com.club_oms.GetActivityTest"/>
  <testcase name="getActivityTestTokenIsError" time="0.027" classname="com.club_oms.GetActivityTest"/>
  <testcase name="getActivityTestTokenIsNull" time="0.014" classname="com.club_oms.GetActivityTest"/>
  <testcase name="getActivityTestTokenNonExistent" time="0.013" classname="com.club_oms.GetActivityTest"/>
  <testcase name="getActivityTestActivityIdNonExistent" time="0.036" classname="com.club_oms.GetActivityTest"/>
  <testcase name="getActivityTestActivityIdIsNull" time="0.026" classname="com.club_oms.GetActivityTest"/>
</testsuite> <!-- com.club_oms.GetActivityTest -->
