<?xml version="1.0" encoding="UTF-8"?>
<!-- Generated by org.testng.reporters.JUnitReportReporter -->
<testsuite hostname="DESKTOP-G15J5GU" name="com.yxct.GetCarInfoByCarNoAndOpenIdTest" tests="8" failures="0" timestamp="27 Nov 2017 01:25:44 GMT" time="0.252" errors="0">
  <testcase name="getOrderListTestCarNoNoVehicleInformation" time="0.021" classname="com.yxct.GetCarInfoByCarNoAndOpenIdTest"/>
  <testcase name="getOrderListTestCarNonExistent" time="0.013" classname="com.yxct.GetCarInfoByCarNoAndOpenIdTest"/>
  <testcase name="getOrderListTestCarIsNull" time="0.015" classname="com.yxct.GetCarInfoByCarNoAndOpenIdTest"/>
  <testcase name="getOrderListTestOpenIdIsNonExistent" time="0.015" classname="com.yxct.GetCarInfoByCarNoAndOpenIdTest"/>
  <testcase name="getOrderListTestCarIsError" time="0.129" classname="com.yxct.GetCarInfoByCarNoAndOpenIdTest"/>
  <testcase name="getOrderListTestCorrectParameter" time="0.026" classname="com.yxct.GetCarInfoByCarNoAndOpenIdTest"/>
  <testcase name="getOrderListTestOpenIdIsNull" time="0.015" classname="com.yxct.GetCarInfoByCarNoAndOpenIdTest"/>
  <testcase name="getOrderListTestOpenIdIsError" time="0.018" classname="com.yxct.GetCarInfoByCarNoAndOpenIdTest"/>
</testsuite> <!-- com.yxct.GetCarInfoByCarNoAndOpenIdTest -->
