<?xml version="1.0" encoding="UTF-8"?>
<!-- Generated by org.testng.reporters.JUnitReportReporter -->
<testsuite hostname="M0QRPSGAP4T3TPP" name="com.webDynamic.labelManagement.SetAndModifyTalantLableTest" tests="49" failures="0" timestamp="24 Jul 2018 10:14:04 GMT" time="3.182" errors="0">
  <testcase name="postSetAndModifyTalantLableTestLabelTypeIsNegativeNumber" time="0.037" classname="com.webDynamic.labelManagement.SetAndModifyTalantLableTest"/>
  <testcase name="postSetAndModifyTalantLableTestConcreteDescNonSubmissionParameters" time="0.043" classname="com.webDynamic.labelManagement.SetAndModifyTalantLableTest"/>
  <testcase name="postSetAndModifyTalantLableTestSexNonSubmissionParameters" time="0.043" classname="com.webDynamic.labelManagement.SetAndModifyTalantLableTest"/>
  <testcase name="postSetAndModifyTalantLableTestLabelNameIsLong" time="0.037" classname="com.webDynamic.labelManagement.SetAndModifyTalantLableTest"/>
  <testcase name="postSetAndModifyTalantLableTestLabelTypeIsSpace" time="0.048" classname="com.webDynamic.labelManagement.SetAndModifyTalantLableTest"/>
  <testcase name="postSetAndModifyTalantLableTestLabelNameIsNull" time="0.044" classname="com.webDynamic.labelManagement.SetAndModifyTalantLableTest"/>
  <testcase name="postSetAndModifyTalantLableTestLabelNameNonSubmissionParameters" time="0.040" classname="com.webDynamic.labelManagement.SetAndModifyTalantLableTest"/>
  <testcase name="postSetAndModifyTalantLableTestLabelTypeIsError" time="0.040" classname="com.webDynamic.labelManagement.SetAndModifyTalantLableTest"/>
  <testcase name="postSetAndModifyTalantLableTestLableIdIsEdit" time="0.085" classname="com.webDynamic.labelManagement.SetAndModifyTalantLableTest"/>
  <testcase name="postSetAndModifyTalantLableTestSexIsLong" time="0.081" classname="com.webDynamic.labelManagement.SetAndModifyTalantLableTest"/>
  <testcase name="postSetAndModifyTalantLableTestLabelTypeIsDecimal" time="0.078" classname="com.webDynamic.labelManagement.SetAndModifyTalantLableTest"/>
  <testcase name="postSetAndModifyTalantLableTestLableIdIsLong" time="0.045" classname="com.webDynamic.labelManagement.SetAndModifyTalantLableTest"/>
  <testcase name="postSetAndModifyTalantLableTestLabelTypeIsConstellation" time="0.084" classname="com.webDynamic.labelManagement.SetAndModifyTalantLableTest"/>
  <testcase name="postSetAndModifyTalantLableTestConcreteDescIsSpace" time="0.079" classname="com.webDynamic.labelManagement.SetAndModifyTalantLableTest"/>
  <testcase name="postSetAndModifyTalantLableTestConcreteDescIsEmpty" time="0.085" classname="com.webDynamic.labelManagement.SetAndModifyTalantLableTest"/>
  <testcase name="postSetAndModifyTalantLableTestLableIdIsError" time="0.052" classname="com.webDynamic.labelManagement.SetAndModifyTalantLableTest"/>
  <testcase name="postSetAndModifyTalantLableTestLabelNameIllegalCharacters" time="0.087" classname="com.webDynamic.labelManagement.SetAndModifyTalantLableTest"/>
  <testcase name="postSetAndModifyTalantLableTestSexIsFemale" time="0.085" classname="com.webDynamic.labelManagement.SetAndModifyTalantLableTest"/>
  <testcase name="postSetAndModifyTalantLableTestSexIsNull" time="0.042" classname="com.webDynamic.labelManagement.SetAndModifyTalantLableTest"/>
  <testcase name="postSetAndModifyTalantLableTestLabelTypeIsEmpty" time="0.042" classname="com.webDynamic.labelManagement.SetAndModifyTalantLableTest"/>
  <testcase name="postSetAndModifyTalantLableTestSexIsSpace" time="0.079" classname="com.webDynamic.labelManagement.SetAndModifyTalantLableTest"/>
  <testcase name="postSetAndModifyTalantLableTestLabelTypeIsTime" time="0.080" classname="com.webDynamic.labelManagement.SetAndModifyTalantLableTest"/>
  <testcase name="postSetAndModifyTalantLableTestSexIsEmpty" time="0.078" classname="com.webDynamic.labelManagement.SetAndModifyTalantLableTest"/>
  <testcase name="postSetAndModifyTalantLableTestLableIdIsDecimal" time="0.043" classname="com.webDynamic.labelManagement.SetAndModifyTalantLableTest"/>
  <testcase name="postSetAndModifyTalantLableTestConcreteDescIsLong" time="0.052" classname="com.webDynamic.labelManagement.SetAndModifyTalantLableTest"/>
  <testcase name="postSetAndModifyTalantLableTestLabelNameIsEmpty" time="0.040" classname="com.webDynamic.labelManagement.SetAndModifyTalantLableTest"/>
  <testcase name="postSetAndModifyTalantLableTestLabelTypeIsMax" time="0.040" classname="com.webDynamic.labelManagement.SetAndModifyTalantLableTest"/>
  <testcase name="postSetAndModifyTalantLableTestLableIdNonSubmissionParameters" time="0.042" classname="com.webDynamic.labelManagement.SetAndModifyTalantLableTest"/>
  <testcase name="postSetAndModifyTalantLableTestLabelTypeIsNull" time="0.044" classname="com.webDynamic.labelManagement.SetAndModifyTalantLableTest"/>
  <testcase name="postSetAndModifyTalantLableTestLabelTypeNonSubmissionParameters" time="0.041" classname="com.webDynamic.labelManagement.SetAndModifyTalantLableTest"/>
  <testcase name="postSetAndModifyTalantLableTestLableIdIsString" time="0.039" classname="com.webDynamic.labelManagement.SetAndModifyTalantLableTest"/>
  <testcase name="postSetAndModifyTalantLableTestLableIdIsSpace" time="0.042" classname="com.webDynamic.labelManagement.SetAndModifyTalantLableTest"/>
  <testcase name="postSetAndModifyTalantLableTestConcreteDescIllegalCharacters" time="0.314" classname="com.webDynamic.labelManagement.SetAndModifyTalantLableTest"/>
  <testcase name="postSetAndModifyTalantLableTestLabelTypeSignOfTheZodiac" time="0.082" classname="com.webDynamic.labelManagement.SetAndModifyTalantLableTest"/>
  <testcase name="postSetAndModifyTalantLableTestCorrectParameter" time="0.115" classname="com.webDynamic.labelManagement.SetAndModifyTalantLableTest"/>
  <testcase name="postSetAndModifyTalantLableTestLableIdIsEmpty" time="0.039" classname="com.webDynamic.labelManagement.SetAndModifyTalantLableTest"/>
  <testcase name="postSetAndModifyTalantLableTestLabelTypeIsZero" time="0.040" classname="com.webDynamic.labelManagement.SetAndModifyTalantLableTest"/>
  <testcase name="postSetAndModifyTalantLableTestSexIsMen" time="0.077" classname="com.webDynamic.labelManagement.SetAndModifyTalantLableTest"/>
  <testcase name="postSetAndModifyTalantLableTestSexIsDecimal" time="0.077" classname="com.webDynamic.labelManagement.SetAndModifyTalantLableTest"/>
  <testcase name="postSetAndModifyTalantLableTestLableIdIsAdd" time="0.088" classname="com.webDynamic.labelManagement.SetAndModifyTalantLableTest"/>
  <testcase name="postSetAndModifyTalantLableTestSexIsMax" time="0.111" classname="com.webDynamic.labelManagement.SetAndModifyTalantLableTest"/>
  <testcase name="postSetAndModifyTalantLableTestConcreteDescIsNull" time="0.042" classname="com.webDynamic.labelManagement.SetAndModifyTalantLableTest"/>
  <testcase name="postSetAndModifyTalantLableTestLableIdIsNull" time="0.039" classname="com.webDynamic.labelManagement.SetAndModifyTalantLableTest"/>
  <testcase name="postSetAndModifyTalantLableTestLableIdIsMax" time="0.041" classname="com.webDynamic.labelManagement.SetAndModifyTalantLableTest"/>
  <testcase name="postSetAndModifyTalantLableTestLableIdIsNegativeNumber" time="0.038" classname="com.webDynamic.labelManagement.SetAndModifyTalantLableTest"/>
  <testcase name="postSetAndModifyTalantLableTestSexIsString" time="0.075" classname="com.webDynamic.labelManagement.SetAndModifyTalantLableTest"/>
  <testcase name="postSetAndModifyTalantLableTestLabelNameIsSpace" time="0.084" classname="com.webDynamic.labelManagement.SetAndModifyTalantLableTest"/>
  <testcase name="postSetAndModifyTalantLableTestSexIsError" time="0.082" classname="com.webDynamic.labelManagement.SetAndModifyTalantLableTest"/>
  <testcase name="postSetAndModifyTalantLableTestLabelTypeIsLong" time="0.041" classname="com.webDynamic.labelManagement.SetAndModifyTalantLableTest"/>
</testsuite> <!-- com.webDynamic.labelManagement.SetAndModifyTalantLableTest -->
