<?xml version="1.0" encoding="UTF-8"?>
<!-- Generated by org.testng.reporters.JUnitReportReporter -->
<testsuite hostname="DESKTOP-G15J5GU" name="com.vine_data.AfterServiceTest" tests="15" failures="0" timestamp="21 Mar 2017 02:08:52 GMT" time="3.824" errors="0">
  <testcase name="getAfterServiceTestAccessTokenIsNull" time="0.210" classname="com.vine_data.AfterServiceTest"/>
  <testcase name="getAfterServiceTestOrdersIdNonExistent" time="0.174" classname="com.vine_data.AfterServiceTest"/>
  <testcase name="getAfterServicePaymentDecimalNumber" time="0.460" classname="com.vine_data.AfterServiceTest"/>
  <testcase name="getAfterServiceTestAccessTokenNonExistent" time="0.191" classname="com.vine_data.AfterServiceTest"/>
  <testcase name="getAfterServicePaymentIsNull" time="0.182" classname="com.vine_data.AfterServiceTest"/>
  <testcase name="getAfterServiceTestOrdersIdReturnedIntegral" time="0.506" classname="com.vine_data.AfterServiceTest"/>
  <testcase name="getAfterServicePaymentDecimal" time="0.387" classname="com.vine_data.AfterServiceTest"/>
  <testcase name="getAfterServicePaymentNegative" time="0.171" classname="com.vine_data.AfterServiceTest"/>
  <testcase name="getAfterServiceTestOrdersIdIsError" time="0.256" classname="com.vine_data.AfterServiceTest"/>
  <testcase name="getAfterServiceTestCorrectParameter" time="0.282" classname="com.vine_data.AfterServiceTest"/>
  <testcase name="getAfterServicePaymentIsZero" time="0.178" classname="com.vine_data.AfterServiceTest"/>
  <testcase name="getAfterServicePaymentIsMax" time="0.237" classname="com.vine_data.AfterServiceTest"/>
  <testcase name="getAfterServicePaymentNonExistent" time="0.169" classname="com.vine_data.AfterServiceTest"/>
  <testcase name="getAfterServiceTestAccessTokenIsError" time="0.236" classname="com.vine_data.AfterServiceTest"/>
  <testcase name="getAfterServiceTestOrdersIdIsNull" time="0.185" classname="com.vine_data.AfterServiceTest"/>
</testsuite> <!-- com.vine_data.AfterServiceTest -->
