<?xml version="1.0" encoding="UTF-8"?>
<!-- Generated by org.testng.reporters.JUnitReportReporter -->
<testsuite hostname="DESKTOP-GI570L2" name="com.login.BackUserLoginTest" tests="1" failures="0" timestamp="5 Jun 2018 02:53:21 GMT" time="0.034" errors="0">
  <testcase name="postBackUserLoginTestCorrectParameter" time="0.034" classname="com.login.BackUserLoginTest"/>
</testsuite> <!-- com.login.BackUserLoginTest -->
