<?xml version="1.0" encoding="UTF-8"?>
<!-- Generated by org.testng.reporters.JUnitReportReporter -->
<testsuite hostname="DESKTOP-G15J5GU" name="com.vine.GetClubTypeTest" tests="8" failures="0" timestamp="14 Nov 2017 05:38:41 GMT" time="0.327" errors="0">
  <testcase name="getClubUrlTestSkuIdIsError" time="0.067" classname="com.vine.GetClubTypeTest"/>
  <testcase name="getClubUrlTestSkuIdIsNull" time="0.022" classname="com.vine.GetClubTypeTest"/>
  <testcase name="getClubUrlTestSkuIdNonExistent" time="0.014" classname="com.vine.GetClubTypeTest"/>
  <testcase name="getClubUrlTestTokenIsError" time="0.049" classname="com.vine.GetClubTypeTest"/>
  <testcase name="getClubUrlTestQueryVirtualization" time="0.072" classname="com.vine.GetClubTypeTest"/>
  <testcase name="getClubUrlTestTokenNonExistent" time="0.015" classname="com.vine.GetClubTypeTest"/>
  <testcase name="getClubUrlTestQueryObject" time="0.070" classname="com.vine.GetClubTypeTest"/>
  <testcase name="getClubUrlTestTokenIsNull" time="0.018" classname="com.vine.GetClubTypeTest"/>
</testsuite> <!-- com.vine.GetClubTypeTest -->
