<?xml version="1.0" encoding="UTF-8"?>
<!-- Generated by org.testng.reporters.JUnitReportReporter -->
<testsuite hostname="DESKTOP-G15J5GU" name="com.vine.GetCouponUserRecordTest" tests="9" failures="0" timestamp="6 Apr 2017 07:09:08 GMT" time="4.315" errors="0">
  <testcase name="getCouponUserRecordTestTokenIsError" time="0.609" classname="com.vine.GetCouponUserRecordTest"/>
  <testcase name="getCouponUserRecordTestCouponUserIdIsNegative" time="0.124" classname="com.vine.GetCouponUserRecordTest"/>
  <testcase name="getCouponUserRecordTestCouponUserIdIsZero" time="0.086" classname="com.vine.GetCouponUserRecordTest"/>
  <testcase name="getCouponUserRecordTestCouponUserIdNoData" time="0.118" classname="com.vine.GetCouponUserRecordTest"/>
  <testcase name="getCouponUserRecordTestCorrectParameter" time="1.552" classname="com.vine.GetCouponUserRecordTest"/>
  <testcase name="getCouponUserRecordTestCouponUserIdNonExistent" time="0.081" classname="com.vine.GetCouponUserRecordTest"/>
  <testcase name="getCouponUserRecordTestTokenNonExistent" time="0.968" classname="com.vine.GetCouponUserRecordTest"/>
  <testcase name="getCouponUserRecordTestCouponUserIdIsNull" time="0.111" classname="com.vine.GetCouponUserRecordTest"/>
  <testcase name="getCouponUserRecordTestTokenIsNull" time="0.666" classname="com.vine.GetCouponUserRecordTest"/>
</testsuite> <!-- com.vine.GetCouponUserRecordTest -->
