<?xml version="1.0" encoding="UTF-8"?>
<!-- Generated by org.testng.reporters.JUnitReportReporter -->
<testsuite hostname="M0QRPSGAP4T3TPP" name="com.publicModule.systemManagement.DeleteSystemUserTest" tests="24" failures="0" timestamp="24 Jul 2018 10:06:11 GMT" time="0.381" errors="0">
  <testcase name="postDeleteSystemUserTestSysUserIdNonExistent" time="0.018" classname="com.publicModule.systemManagement.DeleteSystemUserTest"/>
  <testcase name="postDeleteSystemUserTestUserIdIsLong" time="0.016" classname="com.publicModule.systemManagement.DeleteSystemUserTest"/>
  <testcase name="postDeleteSystemUserTestUserIdIsSpace" time="0.013" classname="com.publicModule.systemManagement.DeleteSystemUserTest"/>
  <testcase name="postDeleteSystemUserTestSysUserIdIsZero" time="0.018" classname="com.publicModule.systemManagement.DeleteSystemUserTest"/>
  <testcase name="postDeleteSystemUserTestSysUserIdIsDecimal" time="0.023" classname="com.publicModule.systemManagement.DeleteSystemUserTest"/>
  <testcase name="postDeleteSystemUserTestSysUserIdIllegalCharacters" time="0.015" classname="com.publicModule.systemManagement.DeleteSystemUserTest"/>
  <testcase name="postDeleteSystemUserTestUserIdIsNull" time="0.005" classname="com.publicModule.systemManagement.DeleteSystemUserTest"/>
  <testcase name="postDeleteSystemUserTestUserIdIsDecimal" time="0.013" classname="com.publicModule.systemManagement.DeleteSystemUserTest"/>
  <testcase name="postDeleteSystemUserTestUserIdIsNegativeNumber" time="0.014" classname="com.publicModule.systemManagement.DeleteSystemUserTest"/>
  <testcase name="postDeleteSystemUserTestSysUserIdIsNull" time="0.009" classname="com.publicModule.systemManagement.DeleteSystemUserTest"/>
  <testcase name="postDeleteSystemUserTestUserIdIsString" time="0.009" classname="com.publicModule.systemManagement.DeleteSystemUserTest"/>
  <testcase name="postDeleteSystemUserTestUserIdIsError" time="0.012" classname="com.publicModule.systemManagement.DeleteSystemUserTest"/>
  <testcase name="postDeleteSystemUserTestUserIdNotLoggedIn" time="0.015" classname="com.publicModule.systemManagement.DeleteSystemUserTest"/>
  <testcase name="postDeleteSystemUserTestUserIdIsEmpty" time="0.010" classname="com.publicModule.systemManagement.DeleteSystemUserTest"/>
  <testcase name="postDeleteSystemUserTestUserIdIsZero" time="0.010" classname="com.publicModule.systemManagement.DeleteSystemUserTest"/>
  <testcase name="postDeleteSystemUserTestCorrectParameter" time="0.100" classname="com.publicModule.systemManagement.DeleteSystemUserTest"/>
  <testcase name="postDeleteSystemUserTestUserIdIllegalCharacters" time="0.008" classname="com.publicModule.systemManagement.DeleteSystemUserTest"/>
  <testcase name="postDeleteSystemUserTestSysUserIdNonSubmissionParameters" time="0.008" classname="com.publicModule.systemManagement.DeleteSystemUserTest"/>
  <testcase name="postDeleteSystemUserTestSysUserIdIsString" time="0.008" classname="com.publicModule.systemManagement.DeleteSystemUserTest"/>
  <testcase name="postDeleteSystemUserTestSysUserIdIsEmpty" time="0.009" classname="com.publicModule.systemManagement.DeleteSystemUserTest"/>
  <testcase name="postDeleteSystemUserTestSysUserIdIsNegativeNumber" time="0.019" classname="com.publicModule.systemManagement.DeleteSystemUserTest"/>
  <testcase name="postDeleteSystemUserTestUserIdNonSubmissionParameters" time="0.006" classname="com.publicModule.systemManagement.DeleteSystemUserTest"/>
  <testcase name="postDeleteSystemUserTestSysUserIdIsSpace" time="0.007" classname="com.publicModule.systemManagement.DeleteSystemUserTest"/>
  <testcase name="postDeleteSystemUserTestSysUserIdIsError" time="0.016" classname="com.publicModule.systemManagement.DeleteSystemUserTest"/>
</testsuite> <!-- com.publicModule.systemManagement.DeleteSystemUserTest -->
