<?xml version="1.0" encoding="UTF-8"?>
<!-- Generated by org.testng.reporters.JUnitReportReporter -->
<testsuite hostname="zhanglingfeng" name="com.contentManagement.AddOrEditSensitiveWordTest" tests="1" failures="0" timestamp="2 Jun 2018 10:03:59 GMT" time="0.224" errors="0">
  <testcase name="postAddOrEditSensitiveWordTestSensitiveWordIsExistent" time="0.224" classname="com.contentManagement.AddOrEditSensitiveWordTest"/>
</testsuite> <!-- com.contentManagement.AddOrEditSensitiveWordTest -->
