<?xml version="1.0" encoding="UTF-8"?>
<!-- Generated by org.testng.reporters.JUnitReportReporter -->
<testsuite hostname="DESKTOP-G15J5GU" name="com.vine_data.ReceiveProductTest" tests="54" failures="0" timestamp="21 Mar 2017 06:05:31 GMT" time="10.797" errors="0">
  <testcase name="receiveProductTestSkuIdIsNull" time="0.081" classname="com.vine_data.ReceiveProductTest"/>
  <testcase name="receiveProductTestAccessTokenNonExistent" time="0.065" classname="com.vine_data.ReceiveProductTest"/>
  <testcase name="receiveProductTestItemIdIsNull" time="0.191" classname="com.vine_data.ReceiveProductTest"/>
  <testcase name="receiveProductTestMktPriceNonExistent" time="0.176" classname="com.vine_data.ReceiveProductTest"/>
  <testcase name="receiveProductTestMktPrice2Decimal" time="0.271" classname="com.vine_data.ReceiveProductTest"/>
  <testcase name="receiveProductTestItemIdNonExistent" time="0.173" classname="com.vine_data.ReceiveProductTest"/>
  <testcase name="receiveProductTestMktPriceIsNull" time="0.164" classname="com.vine_data.ReceiveProductTest"/>
  <testcase name="receiveProductTestCostPriceNonExistent" time="0.184" classname="com.vine_data.ReceiveProductTest"/>
  <testcase name="receiveProductTestStatusIsError" time="0.209" classname="com.vine_data.ReceiveProductTest"/>
  <testcase name="receiveProductTestShopIdNonExistent" time="0.159" classname="com.vine_data.ReceiveProductTest"/>
  <testcase name="receiveProductTestPriceNonExistent" time="0.173" classname="com.vine_data.ReceiveProductTest"/>
  <testcase name="receiveProductTestBrandNameLong" time="0.225" classname="com.vine_data.ReceiveProductTest"/>
  <testcase name="receiveProductTestMktPriceIsString" time="0.238" classname="com.vine_data.ReceiveProductTest"/>
  <testcase name="receiveProductTestPriceIsString" time="0.202" classname="com.vine_data.ReceiveProductTest"/>
  <testcase name="receiveProductTestBrandNameIsNull" time="0.197" classname="com.vine_data.ReceiveProductTest"/>
  <testcase name="receiveProductTestPriceIsNull" time="0.179" classname="com.vine_data.ReceiveProductTest"/>
  <testcase name="receiveProductTestMktPrice5Decimal" time="0.228" classname="com.vine_data.ReceiveProductTest"/>
  <testcase name="receiveProductTestStatusIsNull" time="0.156" classname="com.vine_data.ReceiveProductTest"/>
  <testcase name="receiveProductTestItemIdAlreadyExist" time="0.256" classname="com.vine_data.ReceiveProductTest"/>
  <testcase name="receiveProductTestPriceLong" time="0.214" classname="com.vine_data.ReceiveProductTest"/>
  <testcase name="receiveProductTestCostPrice5Decimal" time="0.289" classname="com.vine_data.ReceiveProductTest"/>
  <testcase name="receiveProductTestSkuIdNonexistent" time="0.072" classname="com.vine_data.ReceiveProductTest"/>
  <testcase name="receiveProductTestAccessTokenBeOverdue" time="0.377" classname="com.vine_data.ReceiveProductTest"/>
  <testcase name="receiveProductTestImageSrcIsLong" time="0.118" classname="com.vine_data.ReceiveProductTest"/>
  <testcase name="receiveProductTestCorrectParameter" time="0.164" classname="com.vine_data.ReceiveProductTest"/>
  <testcase name="receiveProductTestImageSrcNonExistent" time="0.157" classname="com.vine_data.ReceiveProductTest"/>
  <testcase name="receiveProductTestIntroductionIsLong" time="0.133" classname="com.vine_data.ReceiveProductTest"/>
  <testcase name="receiveProductTestCatIdIsNull" time="0.198" classname="com.vine_data.ReceiveProductTest"/>
  <testcase name="receiveProductTestBnNonExistent" time="0.293" classname="com.vine_data.ReceiveProductTest"/>
  <testcase name="receiveProductTestImageSrcIsNull" time="0.161" classname="com.vine_data.ReceiveProductTest"/>
  <testcase name="receiveProductTestTitleLong" time="0.254" classname="com.vine_data.ReceiveProductTest"/>
  <testcase name="receiveProductTestBnLong" time="0.237" classname="com.vine_data.ReceiveProductTest"/>
  <testcase name="receiveProductTestCatIdNonExistent" time="0.180" classname="com.vine_data.ReceiveProductTest"/>
  <testcase name="receiveProductTestImageDefaultIdLong" time="0.258" classname="com.vine_data.ReceiveProductTest"/>
  <testcase name="receiveProductTestBnIsNull" time="0.316" classname="com.vine_data.ReceiveProductTest"/>
  <testcase name="receiveProductTestStatusIs0" time="0.151" classname="com.vine_data.ReceiveProductTest"/>
  <testcase name="receiveProductTestAccessTokenIsNull" time="0.067" classname="com.vine_data.ReceiveProductTest"/>
  <testcase name="receiveProductTestSkuIdAlreadyExist" time="0.287" classname="com.vine_data.ReceiveProductTest"/>
  <testcase name="receiveProductTestPrice5Decimal" time="0.541" classname="com.vine_data.ReceiveProductTest"/>
  <testcase name="receiveProductTestCostPriceIsNull" time="0.203" classname="com.vine_data.ReceiveProductTest"/>
  <testcase name="receiveProductTestShopIdIsNull" time="0.181" classname="com.vine_data.ReceiveProductTest"/>
  <testcase name="receiveProductTestTitleIsNull" time="0.175" classname="com.vine_data.ReceiveProductTest"/>
  <testcase name="receiveProductTestStatusIs1" time="0.150" classname="com.vine_data.ReceiveProductTest"/>
  <testcase name="receiveProductTestBrandNameNonExistent" time="0.171" classname="com.vine_data.ReceiveProductTest"/>
  <testcase name="receiveProductTestImageDefaultIdIsNull" time="0.200" classname="com.vine_data.ReceiveProductTest"/>
  <testcase name="receiveProductTestIntroductionNonExistent" time="0.083" classname="com.vine_data.ReceiveProductTest"/>
  <testcase name="receiveProductTestPrice2Decimal" time="0.291" classname="com.vine_data.ReceiveProductTest"/>
  <testcase name="receiveProductTestImageDefaultIdNonExistent" time="0.182" classname="com.vine_data.ReceiveProductTest"/>
  <testcase name="receiveProductTestTitleNonExistent" time="0.179" classname="com.vine_data.ReceiveProductTest"/>
  <testcase name="receiveProductTestCostPriceLong" time="0.209" classname="com.vine_data.ReceiveProductTest"/>
  <testcase name="receiveProductTestCostPriceIsString" time="0.229" classname="com.vine_data.ReceiveProductTest"/>
  <testcase name="receiveProductTestIntroductionIsNull" time="0.052" classname="com.vine_data.ReceiveProductTest"/>
  <testcase name="receiveProductTestCostPrice2Decimal" time="0.267" classname="com.vine_data.ReceiveProductTest"/>
  <testcase name="receiveProductTestMktPriceLong" time="0.231" classname="com.vine_data.ReceiveProductTest"/>
</testsuite> <!-- com.vine_data.ReceiveProductTest -->
