<?xml version="1.0" encoding="UTF-8"?>
<!-- Generated by org.testng.reporters.JUnitReportReporter -->
<testsuite hostname="DESKTOP-G15J5GU" name="com.vine.GetClubUrlTest" tests="4" failures="0" timestamp="17 Nov 2017 08:23:57 GMT" time="1.053" errors="0">
  <testcase name="getClubUrlTestCorrectParameter" time="0.362" classname="com.vine.GetClubUrlTest"/>
  <testcase name="getClubUrlTestTokenIsError" time="0.116" classname="com.vine.GetClubUrlTest"/>
  <testcase name="getClubUrlTestTokenNonExistent" time="0.073" classname="com.vine.GetClubUrlTest"/>
  <testcase name="getClubUrlTestNonClubEmployees" time="0.502" classname="com.vine.GetClubUrlTest"/>
</testsuite> <!-- com.vine.GetClubUrlTest -->
