<?xml version="1.0" encoding="UTF-8"?>
<!-- Generated by org.testng.reporters.JUnitReportReporter -->
<testsuite hostname="DESKTOP-G15J5GU" name="com.yxct.GHB.AccessToken2" tests="1" failures="0" timestamp="11 Jan 2017 08:03:39 GMT" time="0.234" errors="0">
  <testcase name="testCorrectParameter" time="0.234" classname="com.yxct.GHB.AccessToken2"/>
</testsuite> <!-- com.yxct.GHB.AccessToken2 -->
